2025-02-28 14:43:06,083 [Worker-5: Loading available Gradle versions] INFO  o.e.b.c.i.u.g.PublishedGradleVersions - Gradle version information cache is up-to-date. Trying to read.
2025-02-28 14:50:14,321 [Worker-29: Enabling Maven Dependency Management] INFO  o.e.m.c.i.l.LifecycleMappingFactory - Using org.maven.ide.eclipse.wtp.WarLifecycleMapping lifecycle mapping for MavenProject: K22CNT2-Nguyenbatruong-2210900140-project3:K22CNT2-Nguyenbatruong-2210900140-project3:0.0.1-SNAPSHOT @ C:\project3\K22CNT2-Nguyenbatruong-2210900140-project3\pom.xml.
2025-02-28 14:50:15,377 [Worker-29: Enabling Maven Dependency Management] INFO  o.e.m.j.i.AbstractJavaProjectConfigurator - Adding source folder /K22CNT2-Nguyenbatruong-2210900140-project3/src/main/java
2025-02-28 14:50:15,382 [Worker-29: Enabling Maven Dependency Management] INFO  o.e.m.j.i.AbstractJavaProjectConfigurator - Adding resource folder /K22CNT2-Nguyenbatruong-2210900140-project3/src/main/resources
2025-02-28 14:50:15,383 [Worker-29: Enabling Maven Dependency Management] INFO  o.e.m.j.i.AbstractJavaProjectConfigurator - Adding source folder /K22CNT2-Nguyenbatruong-2210900140-project3/src/test/java
2025-02-28 14:50:15,384 [Worker-29: Enabling Maven Dependency Management] INFO  o.e.m.j.i.AbstractJavaProjectConfigurator - Adding resource folder /K22CNT2-Nguyenbatruong-2210900140-project3/src/test/resources
2025-02-28 14:50:16,113 [Worker-24: Building Project K22CNT2-Nguyenbatruong-2210900140-project3] WARN  o.a.m.s.f.DefaultMavenResourcesFiltering - Using platform encoding (UTF-8 actually) to copy filtered resources, i.e. build is platform dependent!
2025-02-28 14:50:16,114 [Worker-24: Building Project K22CNT2-Nguyenbatruong-2210900140-project3] INFO  o.a.m.s.f.DefaultMavenResourcesFiltering - skip non existing resourceDirectory C:\project3\K22CNT2-Nguyenbatruong-2210900140-project3\src\main\resources
2025-02-28 14:50:16,122 [Worker-24: Building Project K22CNT2-Nguyenbatruong-2210900140-project3] WARN  o.a.m.s.f.DefaultMavenResourcesFiltering - Using platform encoding (UTF-8 actually) to copy filtered resources, i.e. build is platform dependent!
2025-02-28 14:50:16,123 [Worker-24: Building Project K22CNT2-Nguyenbatruong-2210900140-project3] INFO  o.a.m.s.f.DefaultMavenResourcesFiltering - skip non existing resourceDirectory C:\project3\K22CNT2-Nguyenbatruong-2210900140-project3\src\test\resources
2025-02-28 14:50:16,946 [Worker-29: Enabling Maven Dependency Management] INFO  o.e.m.c.i.p.ProjectConfigurationManager - Update started
2025-02-28 14:50:17,296 [Worker-29: Enabling Maven Dependency Management] INFO  o.e.m.c.i.l.LifecycleMappingFactory - Using org.maven.ide.eclipse.wtp.WarLifecycleMapping lifecycle mapping for MavenProject: K22CNT2-Nguyenbatruong-2210900140-project3:K22CNT2-Nguyenbatruong-2210900140-project3:0.0.1-SNAPSHOT @ C:\project3\K22CNT2-Nguyenbatruong-2210900140-project3\pom.xml.
2025-02-28 14:50:17,830 [Worker-29: Enabling Maven Dependency Management] INFO  o.e.m.j.i.AbstractJavaProjectConfigurator - Adding source folder /K22CNT2-Nguyenbatruong-2210900140-project3/src/main/java
2025-02-28 14:50:17,832 [Worker-29: Enabling Maven Dependency Management] INFO  o.e.m.j.i.AbstractJavaProjectConfigurator - Adding resource folder /K22CNT2-Nguyenbatruong-2210900140-project3/src/main/resources
2025-02-28 14:50:17,833 [Worker-29: Enabling Maven Dependency Management] INFO  o.e.m.j.i.AbstractJavaProjectConfigurator - Adding source folder /K22CNT2-Nguyenbatruong-2210900140-project3/src/test/java
2025-02-28 14:50:17,834 [Worker-29: Enabling Maven Dependency Management] INFO  o.e.m.j.i.AbstractJavaProjectConfigurator - Adding resource folder /K22CNT2-Nguyenbatruong-2210900140-project3/src/test/resources
2025-02-28 14:50:17,957 [Worker-29: Enabling Maven Dependency Management] INFO  o.e.m.w.i.f.ResourceFilteringBuildParticipant - Cleaning filtered folder for K22CNT2-Nguyenbatruong-2210900140-project3
2025-02-28 14:50:17,976 [Worker-29: Enabling Maven Dependency Management] INFO  o.e.m.c.i.p.ProjectConfigurationManager - Update completed for 1 poms: local refresh takes 0.00 sec, refresh facades takes 0.00 sec, update config takes 0.00 sec 
2025-02-28 14:50:18,104 [Worker-34: Building] WARN  o.a.m.s.f.DefaultMavenResourcesFiltering - Using platform encoding (UTF-8 actually) to copy filtered resources, i.e. build is platform dependent!
2025-02-28 14:50:18,105 [Worker-34: Building] INFO  o.a.m.s.f.DefaultMavenResourcesFiltering - skip non existing resourceDirectory C:\project3\K22CNT2-Nguyenbatruong-2210900140-project3\src\main\resources
2025-02-28 14:50:18,112 [Worker-34: Building] WARN  o.a.m.s.f.DefaultMavenResourcesFiltering - Using platform encoding (UTF-8 actually) to copy filtered resources, i.e. build is platform dependent!
2025-02-28 14:50:18,114 [Worker-34: Building] INFO  o.a.m.s.f.DefaultMavenResourcesFiltering - skip non existing resourceDirectory C:\project3\K22CNT2-Nguyenbatruong-2210900140-project3\src\test\resources
2025-02-28 14:50:18,114 [Worker-34: Building] INFO  o.e.m.w.i.f.ResourceFilteringBuildParticipant - Changed resources require a complete clean of filtered resources of K22CNT2-Nguyenbatruong-2210900140-project3
2025-02-28 14:50:18,116 [Worker-34: Building] INFO  o.e.m.w.i.f.ResourceFilteringBuildParticipant - Executing resource filtering for K22CNT2-Nguyenbatruong-2210900140-project3
2025-02-28 14:50:20,804 [Worker-32: Launching Executing install in C__project3_K22CNT2-Nguyenbatruong-2210900140-project3] INFO  o.eclipse.m2e.core.internal.Bundles - getClasspathEntries(Bundle=org.eclipse.m2e.maven.runtime_3.9.900.20240824-1409 [643])
2025-02-28 14:50:20,807 [Worker-32: Launching Executing install in C__project3_K22CNT2-Nguyenbatruong-2210900140-project3] INFO  o.eclipse.m2e.core.internal.Bundles - 	Entry: D:\eclipse-jee-2024-09-R-win32-x86_64\eclipse\plugins\org.eclipse.m2e.maven.runtime_3.9.900.20240824-1409
2025-02-28 14:50:20,807 [Worker-32: Launching Executing install in C__project3_K22CNT2-Nguyenbatruong-2210900140-project3] INFO  o.eclipse.m2e.core.internal.Bundles - 	Entry: D:\eclipse-jee-2024-09-R-win32-x86_64\eclipse\plugins\org.eclipse.m2e.maven.runtime_3.9.900.20240824-1409\jars\aopalliance-1.0.jar
2025-02-28 14:50:20,807 [Worker-32: Launching Executing install in C__project3_K22CNT2-Nguyenbatruong-2210900140-project3] INFO  o.eclipse.m2e.core.internal.Bundles - 	Entry: D:\eclipse-jee-2024-09-R-win32-x86_64\eclipse\plugins\org.eclipse.m2e.maven.runtime_3.9.900.20240824-1409\jars\guice-5.1.0.jar
2025-02-28 14:50:20,807 [Worker-32: Launching Executing install in C__project3_K22CNT2-Nguyenbatruong-2210900140-project3] INFO  o.eclipse.m2e.core.internal.Bundles - 	Entry: D:\eclipse-jee-2024-09-R-win32-x86_64\eclipse\plugins\org.eclipse.m2e.maven.runtime_3.9.900.20240824-1409\jars\httpclient-4.5.14.jar
2025-02-28 14:50:20,807 [Worker-32: Launching Executing install in C__project3_K22CNT2-Nguyenbatruong-2210900140-project3] INFO  o.eclipse.m2e.core.internal.Bundles - 	Entry: D:\eclipse-jee-2024-09-R-win32-x86_64\eclipse\plugins\org.eclipse.m2e.maven.runtime_3.9.900.20240824-1409\jars\httpcore-4.4.16.jar
2025-02-28 14:50:20,807 [Worker-32: Launching Executing install in C__project3_K22CNT2-Nguyenbatruong-2210900140-project3] INFO  o.eclipse.m2e.core.internal.Bundles - 	Entry: D:\eclipse-jee-2024-09-R-win32-x86_64\eclipse\plugins\org.eclipse.m2e.maven.runtime_3.9.900.20240824-1409\jars\jansi-2.4.1.jar
2025-02-28 14:50:20,807 [Worker-32: Launching Executing install in C__project3_K22CNT2-Nguyenbatruong-2210900140-project3] INFO  o.eclipse.m2e.core.internal.Bundles - 	Entry: D:\eclipse-jee-2024-09-R-win32-x86_64\eclipse\plugins\org.eclipse.m2e.maven.runtime_3.9.900.20240824-1409\jars\jcl-over-slf4j-1.7.36.jar
2025-02-28 14:50:20,807 [Worker-32: Launching Executing install in C__project3_K22CNT2-Nguyenbatruong-2210900140-project3] INFO  o.eclipse.m2e.core.internal.Bundles - 	Entry: D:\eclipse-jee-2024-09-R-win32-x86_64\eclipse\plugins\org.eclipse.m2e.maven.runtime_3.9.900.20240824-1409\jars\maven-artifact-3.9.9.jar
2025-02-28 14:50:20,808 [Worker-32: Launching Executing install in C__project3_K22CNT2-Nguyenbatruong-2210900140-project3] INFO  o.eclipse.m2e.core.internal.Bundles - 	Entry: D:\eclipse-jee-2024-09-R-win32-x86_64\eclipse\plugins\org.eclipse.m2e.maven.runtime_3.9.900.20240824-1409\jars\maven-builder-support-3.9.9.jar
2025-02-28 14:50:20,808 [Worker-32: Launching Executing install in C__project3_K22CNT2-Nguyenbatruong-2210900140-project3] INFO  o.eclipse.m2e.core.internal.Bundles - 	Entry: D:\eclipse-jee-2024-09-R-win32-x86_64\eclipse\plugins\org.eclipse.m2e.maven.runtime_3.9.900.20240824-1409\jars\maven-compat-3.9.9.jar
2025-02-28 14:50:20,808 [Worker-32: Launching Executing install in C__project3_K22CNT2-Nguyenbatruong-2210900140-project3] INFO  o.eclipse.m2e.core.internal.Bundles - 	Entry: D:\eclipse-jee-2024-09-R-win32-x86_64\eclipse\plugins\org.eclipse.m2e.maven.runtime_3.9.900.20240824-1409\jars\maven-core-3.9.9.jar
2025-02-28 14:50:20,808 [Worker-32: Launching Executing install in C__project3_K22CNT2-Nguyenbatruong-2210900140-project3] INFO  o.eclipse.m2e.core.internal.Bundles - 	Entry: D:\eclipse-jee-2024-09-R-win32-x86_64\eclipse\plugins\org.eclipse.m2e.maven.runtime_3.9.900.20240824-1409\jars\maven-embedder-3.9.9.jar
2025-02-28 14:50:20,808 [Worker-32: Launching Executing install in C__project3_K22CNT2-Nguyenbatruong-2210900140-project3] INFO  o.eclipse.m2e.core.internal.Bundles - 	Entry: D:\eclipse-jee-2024-09-R-win32-x86_64\eclipse\plugins\org.eclipse.m2e.maven.runtime_3.9.900.20240824-1409\jars\maven-model-3.9.9.jar
2025-02-28 14:50:20,808 [Worker-32: Launching Executing install in C__project3_K22CNT2-Nguyenbatruong-2210900140-project3] INFO  o.eclipse.m2e.core.internal.Bundles - 	Entry: D:\eclipse-jee-2024-09-R-win32-x86_64\eclipse\plugins\org.eclipse.m2e.maven.runtime_3.9.900.20240824-1409\jars\maven-model-builder-3.9.9.jar
2025-02-28 14:50:20,808 [Worker-32: Launching Executing install in C__project3_K22CNT2-Nguyenbatruong-2210900140-project3] INFO  o.eclipse.m2e.core.internal.Bundles - 	Entry: D:\eclipse-jee-2024-09-R-win32-x86_64\eclipse\plugins\org.eclipse.m2e.maven.runtime_3.9.900.20240824-1409\jars\maven-plugin-api-3.9.9.jar
2025-02-28 14:50:20,808 [Worker-32: Launching Executing install in C__project3_K22CNT2-Nguyenbatruong-2210900140-project3] INFO  o.eclipse.m2e.core.internal.Bundles - 	Entry: D:\eclipse-jee-2024-09-R-win32-x86_64\eclipse\plugins\org.eclipse.m2e.maven.runtime_3.9.900.20240824-1409\jars\maven-repository-metadata-3.9.9.jar
2025-02-28 14:50:20,808 [Worker-32: Launching Executing install in C__project3_K22CNT2-Nguyenbatruong-2210900140-project3] INFO  o.eclipse.m2e.core.internal.Bundles - 	Entry: D:\eclipse-jee-2024-09-R-win32-x86_64\eclipse\plugins\org.eclipse.m2e.maven.runtime_3.9.900.20240824-1409\jars\maven-resolver-api-1.9.22.jar
2025-02-28 14:50:20,808 [Worker-32: Launching Executing install in C__project3_K22CNT2-Nguyenbatruong-2210900140-project3] INFO  o.eclipse.m2e.core.internal.Bundles - 	Entry: D:\eclipse-jee-2024-09-R-win32-x86_64\eclipse\plugins\org.eclipse.m2e.maven.runtime_3.9.900.20240824-1409\jars\maven-resolver-connector-basic-1.9.22.jar
2025-02-28 14:50:20,808 [Worker-32: Launching Executing install in C__project3_K22CNT2-Nguyenbatruong-2210900140-project3] INFO  o.eclipse.m2e.core.internal.Bundles - 	Entry: D:\eclipse-jee-2024-09-R-win32-x86_64\eclipse\plugins\org.eclipse.m2e.maven.runtime_3.9.900.20240824-1409\jars\maven-resolver-impl-1.9.22.jar
2025-02-28 14:50:20,809 [Worker-32: Launching Executing install in C__project3_K22CNT2-Nguyenbatruong-2210900140-project3] INFO  o.eclipse.m2e.core.internal.Bundles - 	Entry: D:\eclipse-jee-2024-09-R-win32-x86_64\eclipse\plugins\org.eclipse.m2e.maven.runtime_3.9.900.20240824-1409\jars\maven-resolver-named-locks-1.9.22.jar
2025-02-28 14:50:20,809 [Worker-32: Launching Executing install in C__project3_K22CNT2-Nguyenbatruong-2210900140-project3] INFO  o.eclipse.m2e.core.internal.Bundles - 	Entry: D:\eclipse-jee-2024-09-R-win32-x86_64\eclipse\plugins\org.eclipse.m2e.maven.runtime_3.9.900.20240824-1409\jars\maven-resolver-provider-3.9.9.jar
2025-02-28 14:50:20,809 [Worker-32: Launching Executing install in C__project3_K22CNT2-Nguyenbatruong-2210900140-project3] INFO  o.eclipse.m2e.core.internal.Bundles - 	Entry: D:\eclipse-jee-2024-09-R-win32-x86_64\eclipse\plugins\org.eclipse.m2e.maven.runtime_3.9.900.20240824-1409\jars\maven-resolver-spi-1.9.22.jar
2025-02-28 14:50:20,809 [Worker-32: Launching Executing install in C__project3_K22CNT2-Nguyenbatruong-2210900140-project3] INFO  o.eclipse.m2e.core.internal.Bundles - 	Entry: D:\eclipse-jee-2024-09-R-win32-x86_64\eclipse\plugins\org.eclipse.m2e.maven.runtime_3.9.900.20240824-1409\jars\maven-resolver-transport-file-1.9.22.jar
2025-02-28 14:50:20,809 [Worker-32: Launching Executing install in C__project3_K22CNT2-Nguyenbatruong-2210900140-project3] INFO  o.eclipse.m2e.core.internal.Bundles - 	Entry: D:\eclipse-jee-2024-09-R-win32-x86_64\eclipse\plugins\org.eclipse.m2e.maven.runtime_3.9.900.20240824-1409\jars\maven-resolver-transport-http-1.9.22.jar
2025-02-28 14:50:20,809 [Worker-32: Launching Executing install in C__project3_K22CNT2-Nguyenbatruong-2210900140-project3] INFO  o.eclipse.m2e.core.internal.Bundles - 	Entry: D:\eclipse-jee-2024-09-R-win32-x86_64\eclipse\plugins\org.eclipse.m2e.maven.runtime_3.9.900.20240824-1409\jars\maven-resolver-transport-wagon-1.9.22.jar
2025-02-28 14:50:20,809 [Worker-32: Launching Executing install in C__project3_K22CNT2-Nguyenbatruong-2210900140-project3] INFO  o.eclipse.m2e.core.internal.Bundles - 	Entry: D:\eclipse-jee-2024-09-R-win32-x86_64\eclipse\plugins\org.eclipse.m2e.maven.runtime_3.9.900.20240824-1409\jars\maven-resolver-util-1.9.22.jar
2025-02-28 14:50:20,809 [Worker-32: Launching Executing install in C__project3_K22CNT2-Nguyenbatruong-2210900140-project3] INFO  o.eclipse.m2e.core.internal.Bundles - 	Entry: D:\eclipse-jee-2024-09-R-win32-x86_64\eclipse\plugins\org.eclipse.m2e.maven.runtime_3.9.900.20240824-1409\jars\maven-settings-3.9.9.jar
2025-02-28 14:50:20,809 [Worker-32: Launching Executing install in C__project3_K22CNT2-Nguyenbatruong-2210900140-project3] INFO  o.eclipse.m2e.core.internal.Bundles - 	Entry: D:\eclipse-jee-2024-09-R-win32-x86_64\eclipse\plugins\org.eclipse.m2e.maven.runtime_3.9.900.20240824-1409\jars\maven-settings-builder-3.9.9.jar
2025-02-28 14:50:20,809 [Worker-32: Launching Executing install in C__project3_K22CNT2-Nguyenbatruong-2210900140-project3] INFO  o.eclipse.m2e.core.internal.Bundles - 	Entry: D:\eclipse-jee-2024-09-R-win32-x86_64\eclipse\plugins\org.eclipse.m2e.maven.runtime_3.9.900.20240824-1409\jars\maven-shared-utils-3.4.2.jar
2025-02-28 14:50:20,809 [Worker-32: Launching Executing install in C__project3_K22CNT2-Nguyenbatruong-2210900140-project3] INFO  o.eclipse.m2e.core.internal.Bundles - 	Entry: D:\eclipse-jee-2024-09-R-win32-x86_64\eclipse\plugins\org.eclipse.m2e.maven.runtime_3.9.900.20240824-1409\jars\org.eclipse.sisu.inject-0.9.0.M3.jar
2025-02-28 14:50:20,809 [Worker-32: Launching Executing install in C__project3_K22CNT2-Nguyenbatruong-2210900140-project3] INFO  o.eclipse.m2e.core.internal.Bundles - 	Entry: D:\eclipse-jee-2024-09-R-win32-x86_64\eclipse\plugins\org.eclipse.m2e.maven.runtime_3.9.900.20240824-1409\jars\org.eclipse.sisu.plexus-0.9.0.M3.jar
2025-02-28 14:50:20,809 [Worker-32: Launching Executing install in C__project3_K22CNT2-Nguyenbatruong-2210900140-project3] INFO  o.eclipse.m2e.core.internal.Bundles - 	Entry: D:\eclipse-jee-2024-09-R-win32-x86_64\eclipse\plugins\org.eclipse.m2e.maven.runtime_3.9.900.20240824-1409\jars\plexus-build-api-0.0.7.jar
2025-02-28 14:50:20,810 [Worker-32: Launching Executing install in C__project3_K22CNT2-Nguyenbatruong-2210900140-project3] INFO  o.eclipse.m2e.core.internal.Bundles - 	Entry: D:\eclipse-jee-2024-09-R-win32-x86_64\eclipse\plugins\org.eclipse.m2e.maven.runtime_3.9.900.20240824-1409\jars\plexus-build-api-1.2.0.jar
2025-02-28 14:50:20,810 [Worker-32: Launching Executing install in C__project3_K22CNT2-Nguyenbatruong-2210900140-project3] INFO  o.eclipse.m2e.core.internal.Bundles - 	Entry: D:\eclipse-jee-2024-09-R-win32-x86_64\eclipse\plugins\org.eclipse.m2e.maven.runtime_3.9.900.20240824-1409\jars\plexus-cipher-2.0.jar
2025-02-28 14:50:20,810 [Worker-32: Launching Executing install in C__project3_K22CNT2-Nguyenbatruong-2210900140-project3] INFO  o.eclipse.m2e.core.internal.Bundles - 	Entry: D:\eclipse-jee-2024-09-R-win32-x86_64\eclipse\plugins\org.eclipse.m2e.maven.runtime_3.9.900.20240824-1409\jars\plexus-classworlds-2.8.0.jar
2025-02-28 14:50:20,810 [Worker-32: Launching Executing install in C__project3_K22CNT2-Nguyenbatruong-2210900140-project3] INFO  o.eclipse.m2e.core.internal.Bundles - 	Entry: D:\eclipse-jee-2024-09-R-win32-x86_64\eclipse\plugins\org.eclipse.m2e.maven.runtime_3.9.900.20240824-1409\jars\plexus-component-annotations-2.1.0.jar
2025-02-28 14:50:20,810 [Worker-32: Launching Executing install in C__project3_K22CNT2-Nguyenbatruong-2210900140-project3] INFO  o.eclipse.m2e.core.internal.Bundles - 	Entry: D:\eclipse-jee-2024-09-R-win32-x86_64\eclipse\plugins\org.eclipse.m2e.maven.runtime_3.9.900.20240824-1409\jars\plexus-interpolation-1.27.jar
2025-02-28 14:50:20,810 [Worker-32: Launching Executing install in C__project3_K22CNT2-Nguyenbatruong-2210900140-project3] INFO  o.eclipse.m2e.core.internal.Bundles - 	Entry: D:\eclipse-jee-2024-09-R-win32-x86_64\eclipse\plugins\org.eclipse.m2e.maven.runtime_3.9.900.20240824-1409\jars\plexus-sec-dispatcher-2.0.jar
2025-02-28 14:50:20,810 [Worker-32: Launching Executing install in C__project3_K22CNT2-Nguyenbatruong-2210900140-project3] INFO  o.eclipse.m2e.core.internal.Bundles - 	Entry: D:\eclipse-jee-2024-09-R-win32-x86_64\eclipse\plugins\org.eclipse.m2e.maven.runtime_3.9.900.20240824-1409\jars\plexus-utils-3.5.1.jar
2025-02-28 14:50:20,810 [Worker-32: Launching Executing install in C__project3_K22CNT2-Nguyenbatruong-2210900140-project3] INFO  o.eclipse.m2e.core.internal.Bundles - 	Entry: D:\eclipse-jee-2024-09-R-win32-x86_64\eclipse\plugins\org.eclipse.m2e.maven.runtime_3.9.900.20240824-1409\jars\plexus-xml-3.0.1.jar
2025-02-28 14:50:20,811 [Worker-32: Launching Executing install in C__project3_K22CNT2-Nguyenbatruong-2210900140-project3] INFO  o.eclipse.m2e.core.internal.Bundles - 	Entry: D:\eclipse-jee-2024-09-R-win32-x86_64\eclipse\plugins\org.eclipse.m2e.maven.runtime_3.9.900.20240824-1409\jars\wagon-file-3.5.3.jar
2025-02-28 14:50:20,811 [Worker-32: Launching Executing install in C__project3_K22CNT2-Nguyenbatruong-2210900140-project3] INFO  o.eclipse.m2e.core.internal.Bundles - 	Entry: D:\eclipse-jee-2024-09-R-win32-x86_64\eclipse\plugins\org.eclipse.m2e.maven.runtime_3.9.900.20240824-1409\jars\wagon-http-3.5.3.jar
2025-02-28 14:50:20,811 [Worker-32: Launching Executing install in C__project3_K22CNT2-Nguyenbatruong-2210900140-project3] INFO  o.eclipse.m2e.core.internal.Bundles - 	Entry: D:\eclipse-jee-2024-09-R-win32-x86_64\eclipse\plugins\org.eclipse.m2e.maven.runtime_3.9.900.20240824-1409\jars\wagon-http-shared-3.5.3.jar
2025-02-28 14:50:20,811 [Worker-32: Launching Executing install in C__project3_K22CNT2-Nguyenbatruong-2210900140-project3] INFO  o.eclipse.m2e.core.internal.Bundles - 	Entry: D:\eclipse-jee-2024-09-R-win32-x86_64\eclipse\plugins\org.eclipse.m2e.maven.runtime_3.9.900.20240824-1409\jars\wagon-provider-api-3.5.3.jar
2025-02-28 14:50:20,821 [Worker-32: Launching Executing install in C__project3_K22CNT2-Nguyenbatruong-2210900140-project3] INFO  o.eclipse.m2e.core.internal.Bundles - getClasspathEntries(Bundle=com.google.guava_33.3.0.jre [16])
2025-02-28 14:50:20,821 [Worker-32: Launching Executing install in C__project3_K22CNT2-Nguyenbatruong-2210900140-project3] INFO  o.eclipse.m2e.core.internal.Bundles - 	Entry: D:\eclipse-jee-2024-09-R-win32-x86_64\eclipse\plugins\com.google.guava_33.3.0.jre.jar
2025-02-28 14:50:20,822 [Worker-32: Launching Executing install in C__project3_K22CNT2-Nguyenbatruong-2210900140-project3] INFO  o.eclipse.m2e.core.internal.Bundles - getClasspathEntries(Bundle=slf4j.api_2.0.16 [1008])
2025-02-28 14:50:20,822 [Worker-32: Launching Executing install in C__project3_K22CNT2-Nguyenbatruong-2210900140-project3] INFO  o.eclipse.m2e.core.internal.Bundles - 	Entry: D:\eclipse-jee-2024-09-R-win32-x86_64\eclipse\plugins\slf4j.api_2.0.16.jar
2025-02-28 14:50:20,822 [Worker-32: Launching Executing install in C__project3_K22CNT2-Nguyenbatruong-2210900140-project3] INFO  o.eclipse.m2e.core.internal.Bundles - getClasspathEntries(Bundle=jakarta.inject.jakarta.inject-api_1.0.5 [34])
2025-02-28 14:50:20,822 [Worker-32: Launching Executing install in C__project3_K22CNT2-Nguyenbatruong-2210900140-project3] INFO  o.eclipse.m2e.core.internal.Bundles - 	Entry: D:\eclipse-jee-2024-09-R-win32-x86_64\eclipse\plugins\jakarta.inject.jakarta.inject-api_1.0.5.jar
2025-02-28 14:50:20,822 [Worker-32: Launching Executing install in C__project3_K22CNT2-Nguyenbatruong-2210900140-project3] INFO  o.eclipse.m2e.core.internal.Bundles - getClasspathEntries(Bundle=jakarta.annotation-api_1.3.5 [29])
2025-02-28 14:50:20,822 [Worker-32: Launching Executing install in C__project3_K22CNT2-Nguyenbatruong-2210900140-project3] INFO  o.eclipse.m2e.core.internal.Bundles - 	Entry: D:\eclipse-jee-2024-09-R-win32-x86_64\eclipse\plugins\jakarta.annotation-api_1.3.5.jar
2025-02-28 14:50:20,822 [Worker-32: Launching Executing install in C__project3_K22CNT2-Nguyenbatruong-2210900140-project3] INFO  o.eclipse.m2e.core.internal.Bundles - getClasspathEntries(Bundle=org.apache.commons.cli_1.9.0 [78])
2025-02-28 14:50:20,822 [Worker-32: Launching Executing install in C__project3_K22CNT2-Nguyenbatruong-2210900140-project3] INFO  o.eclipse.m2e.core.internal.Bundles - 	Entry: D:\eclipse-jee-2024-09-R-win32-x86_64\eclipse\plugins\org.apache.commons.cli_1.9.0.jar
2025-02-28 14:50:20,822 [Worker-32: Launching Executing install in C__project3_K22CNT2-Nguyenbatruong-2210900140-project3] INFO  o.eclipse.m2e.core.internal.Bundles - getClasspathEntries(Bundle=org.apache.commons.commons-codec_1.16.0 [81])
2025-02-28 14:50:20,822 [Worker-32: Launching Executing install in C__project3_K22CNT2-Nguyenbatruong-2210900140-project3] INFO  o.eclipse.m2e.core.internal.Bundles - 	Entry: D:\eclipse-jee-2024-09-R-win32-x86_64\eclipse\plugins\org.apache.commons.commons-codec_1.16.0.jar
2025-02-28 14:50:20,822 [Worker-32: Launching Executing install in C__project3_K22CNT2-Nguyenbatruong-2210900140-project3] INFO  o.eclipse.m2e.core.internal.Bundles - getClasspathEntries(Bundle=com.google.guava.failureaccess_1.0.2 [17])
2025-02-28 14:50:20,822 [Worker-32: Launching Executing install in C__project3_K22CNT2-Nguyenbatruong-2210900140-project3] INFO  o.eclipse.m2e.core.internal.Bundles - 	Entry: D:\eclipse-jee-2024-09-R-win32-x86_64\eclipse\plugins\com.google.guava.failureaccess_1.0.2.jar
2025-02-28 14:50:20,834 [Worker-32: Launching Executing install in C__project3_K22CNT2-Nguyenbatruong-2210900140-project3] INFO  o.e.m.i.launch.MavenLaunchDelegate - Run build in "C:\project3\K22CNT2-Nguyenbatruong-2210900140-project3":
2025-02-28 14:50:20,839 [Worker-32: Launching Executing install in C__project3_K22CNT2-Nguyenbatruong-2210900140-project3] INFO  o.e.m.i.launch.MavenLaunchDelegate -  mvn  -B -Dstyle.color=always install
2025-02-28 14:59:11,402 [Worker-36: Building] WARN  o.a.m.s.f.DefaultMavenResourcesFiltering - Using platform encoding (UTF-8 actually) to copy filtered resources, i.e. build is platform dependent!
2025-02-28 14:59:11,404 [Worker-36: Building] INFO  o.a.m.s.f.DefaultMavenResourcesFiltering - skip non existing resourceDirectory C:\project3\K22CNT2-Nguyenbatruong-2210900140-project3\src\main\resources
2025-02-28 14:59:11,407 [Worker-36: Building] WARN  o.a.m.s.f.DefaultMavenResourcesFiltering - Using platform encoding (UTF-8 actually) to copy filtered resources, i.e. build is platform dependent!
2025-02-28 14:59:11,408 [Worker-36: Building] INFO  o.a.m.s.f.DefaultMavenResourcesFiltering - skip non existing resourceDirectory C:\project3\K22CNT2-Nguyenbatruong-2210900140-project3\src\test\resources
2025-02-28 15:00:10,500 [Worker-38: Building] WARN  o.a.m.s.f.DefaultMavenResourcesFiltering - Using platform encoding (UTF-8 actually) to copy filtered resources, i.e. build is platform dependent!
2025-02-28 15:00:10,501 [Worker-38: Building] INFO  o.a.m.s.f.DefaultMavenResourcesFiltering - skip non existing resourceDirectory C:\project3\K22CNT2-Nguyenbatruong-2210900140-project3\src\main\resources
2025-02-28 15:00:10,506 [Worker-38: Building] WARN  o.a.m.s.f.DefaultMavenResourcesFiltering - Using platform encoding (UTF-8 actually) to copy filtered resources, i.e. build is platform dependent!
2025-02-28 15:00:10,508 [Worker-38: Building] INFO  o.a.m.s.f.DefaultMavenResourcesFiltering - skip non existing resourceDirectory C:\project3\K22CNT2-Nguyenbatruong-2210900140-project3\src\test\resources
2025-02-28 15:00:29,856 [Worker-24: Building] WARN  o.a.m.s.f.DefaultMavenResourcesFiltering - Using platform encoding (UTF-8 actually) to copy filtered resources, i.e. build is platform dependent!
2025-02-28 15:00:29,857 [Worker-24: Building] INFO  o.a.m.s.f.DefaultMavenResourcesFiltering - skip non existing resourceDirectory C:\project3\K22CNT2-Nguyenbatruong-2210900140-project3\src\main\resources
2025-02-28 15:00:29,860 [Worker-24: Building] WARN  o.a.m.s.f.DefaultMavenResourcesFiltering - Using platform encoding (UTF-8 actually) to copy filtered resources, i.e. build is platform dependent!
2025-02-28 15:00:29,862 [Worker-24: Building] INFO  o.a.m.s.f.DefaultMavenResourcesFiltering - skip non existing resourceDirectory C:\project3\K22CNT2-Nguyenbatruong-2210900140-project3\src\test\resources
2025-02-28 15:01:11,496 [Worker-38: Building] WARN  o.a.m.s.f.DefaultMavenResourcesFiltering - Using platform encoding (UTF-8 actually) to copy filtered resources, i.e. build is platform dependent!
2025-02-28 15:01:11,498 [Worker-38: Building] INFO  o.a.m.s.f.DefaultMavenResourcesFiltering - skip non existing resourceDirectory C:\project3\K22CNT2-Nguyenbatruong-2210900140-project3\src\main\resources
2025-02-28 15:01:11,502 [Worker-38: Building] WARN  o.a.m.s.f.DefaultMavenResourcesFiltering - Using platform encoding (UTF-8 actually) to copy filtered resources, i.e. build is platform dependent!
2025-02-28 15:01:11,504 [Worker-38: Building] INFO  o.a.m.s.f.DefaultMavenResourcesFiltering - skip non existing resourceDirectory C:\project3\K22CNT2-Nguyenbatruong-2210900140-project3\src\test\resources
2025-02-28 15:02:40,741 [Worker-37: Building] WARN  o.a.m.s.f.DefaultMavenResourcesFiltering - Using platform encoding (UTF-8 actually) to copy filtered resources, i.e. build is platform dependent!
2025-02-28 15:02:40,743 [Worker-37: Building] INFO  o.a.m.s.f.DefaultMavenResourcesFiltering - skip non existing resourceDirectory C:\project3\K22CNT2-Nguyenbatruong-2210900140-project3\src\main\resources
2025-02-28 15:02:40,746 [Worker-37: Building] WARN  o.a.m.s.f.DefaultMavenResourcesFiltering - Using platform encoding (UTF-8 actually) to copy filtered resources, i.e. build is platform dependent!
2025-02-28 15:02:40,748 [Worker-37: Building] INFO  o.a.m.s.f.DefaultMavenResourcesFiltering - skip non existing resourceDirectory C:\project3\K22CNT2-Nguyenbatruong-2210900140-project3\src\test\resources
2025-02-28 15:03:02,831 [Worker-36: Building] WARN  o.a.m.s.f.DefaultMavenResourcesFiltering - Using platform encoding (UTF-8 actually) to copy filtered resources, i.e. build is platform dependent!
2025-02-28 15:03:02,832 [Worker-36: Building] INFO  o.a.m.s.f.DefaultMavenResourcesFiltering - skip non existing resourceDirectory C:\project3\K22CNT2-Nguyenbatruong-2210900140-project3\src\main\resources
2025-02-28 15:03:02,836 [Worker-36: Building] WARN  o.a.m.s.f.DefaultMavenResourcesFiltering - Using platform encoding (UTF-8 actually) to copy filtered resources, i.e. build is platform dependent!
2025-02-28 15:03:02,837 [Worker-36: Building] INFO  o.a.m.s.f.DefaultMavenResourcesFiltering - skip non existing resourceDirectory C:\project3\K22CNT2-Nguyenbatruong-2210900140-project3\src\test\resources
2025-02-28 15:03:19,702 [Worker-38: Building] WARN  o.a.m.s.f.DefaultMavenResourcesFiltering - Using platform encoding (UTF-8 actually) to copy filtered resources, i.e. build is platform dependent!
2025-02-28 15:03:19,702 [Worker-38: Building] INFO  o.a.m.s.f.DefaultMavenResourcesFiltering - skip non existing resourceDirectory C:\project3\K22CNT2-Nguyenbatruong-2210900140-project3\src\main\resources
2025-02-28 15:03:19,706 [Worker-38: Building] WARN  o.a.m.s.f.DefaultMavenResourcesFiltering - Using platform encoding (UTF-8 actually) to copy filtered resources, i.e. build is platform dependent!
2025-02-28 15:03:19,707 [Worker-38: Building] INFO  o.a.m.s.f.DefaultMavenResourcesFiltering - skip non existing resourceDirectory C:\project3\K22CNT2-Nguyenbatruong-2210900140-project3\src\test\resources
2025-02-28 15:04:11,139 [Worker-38: Building] WARN  o.a.m.s.f.DefaultMavenResourcesFiltering - Using platform encoding (UTF-8 actually) to copy filtered resources, i.e. build is platform dependent!
2025-02-28 15:04:11,141 [Worker-38: Building] INFO  o.a.m.s.f.DefaultMavenResourcesFiltering - skip non existing resourceDirectory C:\project3\K22CNT2-Nguyenbatruong-2210900140-project3\src\main\resources
2025-02-28 15:04:11,144 [Worker-38: Building] WARN  o.a.m.s.f.DefaultMavenResourcesFiltering - Using platform encoding (UTF-8 actually) to copy filtered resources, i.e. build is platform dependent!
2025-02-28 15:04:11,146 [Worker-38: Building] INFO  o.a.m.s.f.DefaultMavenResourcesFiltering - skip non existing resourceDirectory C:\project3\K22CNT2-Nguyenbatruong-2210900140-project3\src\test\resources
2025-02-28 15:04:34,281 [Worker-37: Building] WARN  o.a.m.s.f.DefaultMavenResourcesFiltering - Using platform encoding (UTF-8 actually) to copy filtered resources, i.e. build is platform dependent!
2025-02-28 15:04:34,283 [Worker-37: Building] INFO  o.a.m.s.f.DefaultMavenResourcesFiltering - skip non existing resourceDirectory C:\project3\K22CNT2-Nguyenbatruong-2210900140-project3\src\main\resources
2025-02-28 15:04:34,287 [Worker-37: Building] WARN  o.a.m.s.f.DefaultMavenResourcesFiltering - Using platform encoding (UTF-8 actually) to copy filtered resources, i.e. build is platform dependent!
2025-02-28 15:04:34,288 [Worker-37: Building] INFO  o.a.m.s.f.DefaultMavenResourcesFiltering - skip non existing resourceDirectory C:\project3\K22CNT2-Nguyenbatruong-2210900140-project3\src\test\resources
2025-02-28 15:05:04,828 [Worker-36: Building] WARN  o.a.m.s.f.DefaultMavenResourcesFiltering - Using platform encoding (UTF-8 actually) to copy filtered resources, i.e. build is platform dependent!
2025-02-28 15:05:04,829 [Worker-36: Building] INFO  o.a.m.s.f.DefaultMavenResourcesFiltering - skip non existing resourceDirectory C:\project3\K22CNT2-Nguyenbatruong-2210900140-project3\src\main\resources
2025-02-28 15:05:04,833 [Worker-36: Building] WARN  o.a.m.s.f.DefaultMavenResourcesFiltering - Using platform encoding (UTF-8 actually) to copy filtered resources, i.e. build is platform dependent!
2025-02-28 15:05:04,834 [Worker-36: Building] INFO  o.a.m.s.f.DefaultMavenResourcesFiltering - skip non existing resourceDirectory C:\project3\K22CNT2-Nguyenbatruong-2210900140-project3\src\test\resources
2025-02-28 15:06:56,834 [Worker-40: Building] WARN  o.a.m.s.f.DefaultMavenResourcesFiltering - Using platform encoding (UTF-8 actually) to copy filtered resources, i.e. build is platform dependent!
2025-02-28 15:06:56,836 [Worker-40: Building] INFO  o.a.m.s.f.DefaultMavenResourcesFiltering - skip non existing resourceDirectory C:\project3\K22CNT2-Nguyenbatruong-2210900140-project3\src\main\resources
2025-02-28 15:06:56,839 [Worker-40: Building] WARN  o.a.m.s.f.DefaultMavenResourcesFiltering - Using platform encoding (UTF-8 actually) to copy filtered resources, i.e. build is platform dependent!
2025-02-28 15:06:56,840 [Worker-40: Building] INFO  o.a.m.s.f.DefaultMavenResourcesFiltering - skip non existing resourceDirectory C:\project3\K22CNT2-Nguyenbatruong-2210900140-project3\src\test\resources
2025-02-28 15:07:08,104 [Worker-40: Building] WARN  o.a.m.s.f.DefaultMavenResourcesFiltering - Using platform encoding (UTF-8 actually) to copy filtered resources, i.e. build is platform dependent!
2025-02-28 15:07:08,105 [Worker-40: Building] INFO  o.a.m.s.f.DefaultMavenResourcesFiltering - skip non existing resourceDirectory C:\project3\K22CNT2-Nguyenbatruong-2210900140-project3\src\main\resources
2025-02-28 15:07:08,108 [Worker-40: Building] WARN  o.a.m.s.f.DefaultMavenResourcesFiltering - Using platform encoding (UTF-8 actually) to copy filtered resources, i.e. build is platform dependent!
2025-02-28 15:07:08,108 [Worker-40: Building] INFO  o.a.m.s.f.DefaultMavenResourcesFiltering - skip non existing resourceDirectory C:\project3\K22CNT2-Nguyenbatruong-2210900140-project3\src\test\resources
2025-02-28 15:07:18,031 [Worker-39: Building] WARN  o.a.m.s.f.DefaultMavenResourcesFiltering - Using platform encoding (UTF-8 actually) to copy filtered resources, i.e. build is platform dependent!
2025-02-28 15:07:18,032 [Worker-39: Building] INFO  o.a.m.s.f.DefaultMavenResourcesFiltering - skip non existing resourceDirectory C:\project3\K22CNT2-Nguyenbatruong-2210900140-project3\src\main\resources
2025-02-28 15:07:18,036 [Worker-39: Building] WARN  o.a.m.s.f.DefaultMavenResourcesFiltering - Using platform encoding (UTF-8 actually) to copy filtered resources, i.e. build is platform dependent!
2025-02-28 15:07:18,037 [Worker-39: Building] INFO  o.a.m.s.f.DefaultMavenResourcesFiltering - skip non existing resourceDirectory C:\project3\K22CNT2-Nguyenbatruong-2210900140-project3\src\test\resources
2025-02-28 15:07:44,704 [Worker-38: Building] WARN  o.a.m.s.f.DefaultMavenResourcesFiltering - Using platform encoding (UTF-8 actually) to copy filtered resources, i.e. build is platform dependent!
2025-02-28 15:07:44,706 [Worker-38: Building] INFO  o.a.m.s.f.DefaultMavenResourcesFiltering - skip non existing resourceDirectory C:\project3\K22CNT2-Nguyenbatruong-2210900140-project3\src\main\resources
2025-02-28 15:07:44,710 [Worker-38: Building] WARN  o.a.m.s.f.DefaultMavenResourcesFiltering - Using platform encoding (UTF-8 actually) to copy filtered resources, i.e. build is platform dependent!
2025-02-28 15:07:44,712 [Worker-38: Building] INFO  o.a.m.s.f.DefaultMavenResourcesFiltering - skip non existing resourceDirectory C:\project3\K22CNT2-Nguyenbatruong-2210900140-project3\src\test\resources
2025-02-28 15:25:54,511 [Worker-44: Building] WARN  o.a.m.s.f.DefaultMavenResourcesFiltering - Using platform encoding (UTF-8 actually) to copy filtered resources, i.e. build is platform dependent!
2025-02-28 15:25:54,512 [Worker-44: Building] INFO  o.a.m.s.f.DefaultMavenResourcesFiltering - skip non existing resourceDirectory C:\project3\K22CNT2-Nguyenbatruong-2210900140-project3\src\main\resources
2025-02-28 15:25:54,515 [Worker-44: Building] WARN  o.a.m.s.f.DefaultMavenResourcesFiltering - Using platform encoding (UTF-8 actually) to copy filtered resources, i.e. build is platform dependent!
2025-02-28 15:25:54,517 [Worker-44: Building] INFO  o.a.m.s.f.DefaultMavenResourcesFiltering - skip non existing resourceDirectory C:\project3\K22CNT2-Nguyenbatruong-2210900140-project3\src\test\resources
2025-02-28 15:26:20,109 [Worker-42: Building] WARN  o.a.m.s.f.DefaultMavenResourcesFiltering - Using platform encoding (UTF-8 actually) to copy filtered resources, i.e. build is platform dependent!
2025-02-28 15:26:20,111 [Worker-42: Building] INFO  o.a.m.s.f.DefaultMavenResourcesFiltering - skip non existing resourceDirectory C:\project3\K22CNT2-Nguyenbatruong-2210900140-project3\src\main\resources
2025-02-28 15:26:20,114 [Worker-42: Building] WARN  o.a.m.s.f.DefaultMavenResourcesFiltering - Using platform encoding (UTF-8 actually) to copy filtered resources, i.e. build is platform dependent!
2025-02-28 15:26:20,116 [Worker-42: Building] INFO  o.a.m.s.f.DefaultMavenResourcesFiltering - skip non existing resourceDirectory C:\project3\K22CNT2-Nguyenbatruong-2210900140-project3\src\test\resources
2025-02-28 15:26:36,961 [Worker-41: Building] WARN  o.a.m.s.f.DefaultMavenResourcesFiltering - Using platform encoding (UTF-8 actually) to copy filtered resources, i.e. build is platform dependent!
2025-02-28 15:26:36,962 [Worker-41: Building] INFO  o.a.m.s.f.DefaultMavenResourcesFiltering - skip non existing resourceDirectory C:\project3\K22CNT2-Nguyenbatruong-2210900140-project3\src\main\resources
2025-02-28 15:26:36,965 [Worker-41: Building] WARN  o.a.m.s.f.DefaultMavenResourcesFiltering - Using platform encoding (UTF-8 actually) to copy filtered resources, i.e. build is platform dependent!
2025-02-28 15:26:36,968 [Worker-41: Building] INFO  o.a.m.s.f.DefaultMavenResourcesFiltering - skip non existing resourceDirectory C:\project3\K22CNT2-Nguyenbatruong-2210900140-project3\src\test\resources
2025-02-28 15:27:37,957 [Worker-42: Building] WARN  o.a.m.s.f.DefaultMavenResourcesFiltering - Using platform encoding (UTF-8 actually) to copy filtered resources, i.e. build is platform dependent!
2025-02-28 15:27:37,959 [Worker-42: Building] INFO  o.a.m.s.f.DefaultMavenResourcesFiltering - skip non existing resourceDirectory C:\project3\K22CNT2-Nguyenbatruong-2210900140-project3\src\main\resources
2025-02-28 15:27:37,961 [Worker-42: Building] WARN  o.a.m.s.f.DefaultMavenResourcesFiltering - Using platform encoding (UTF-8 actually) to copy filtered resources, i.e. build is platform dependent!
2025-02-28 15:27:37,962 [Worker-42: Building] INFO  o.a.m.s.f.DefaultMavenResourcesFiltering - skip non existing resourceDirectory C:\project3\K22CNT2-Nguyenbatruong-2210900140-project3\src\test\resources
2025-02-28 15:28:08,560 [Worker-46: Building] WARN  o.a.m.s.f.DefaultMavenResourcesFiltering - Using platform encoding (UTF-8 actually) to copy filtered resources, i.e. build is platform dependent!
2025-02-28 15:28:08,561 [Worker-46: Building] INFO  o.a.m.s.f.DefaultMavenResourcesFiltering - skip non existing resourceDirectory C:\project3\K22CNT2-Nguyenbatruong-2210900140-project3\src\main\resources
2025-02-28 15:28:08,564 [Worker-46: Building] WARN  o.a.m.s.f.DefaultMavenResourcesFiltering - Using platform encoding (UTF-8 actually) to copy filtered resources, i.e. build is platform dependent!
2025-02-28 15:28:08,566 [Worker-46: Building] INFO  o.a.m.s.f.DefaultMavenResourcesFiltering - skip non existing resourceDirectory C:\project3\K22CNT2-Nguyenbatruong-2210900140-project3\src\test\resources
2025-02-28 15:33:43,932 [Worker-45: Building] WARN  o.a.m.s.f.DefaultMavenResourcesFiltering - Using platform encoding (UTF-8 actually) to copy filtered resources, i.e. build is platform dependent!
2025-02-28 15:33:43,934 [Worker-45: Building] INFO  o.a.m.s.f.DefaultMavenResourcesFiltering - skip non existing resourceDirectory C:\project3\K22CNT2-Nguyenbatruong-2210900140-project3\src\main\resources
2025-02-28 15:33:43,936 [Worker-45: Building] WARN  o.a.m.s.f.DefaultMavenResourcesFiltering - Using platform encoding (UTF-8 actually) to copy filtered resources, i.e. build is platform dependent!
2025-02-28 15:33:43,937 [Worker-45: Building] INFO  o.a.m.s.f.DefaultMavenResourcesFiltering - skip non existing resourceDirectory C:\project3\K22CNT2-Nguyenbatruong-2210900140-project3\src\test\resources
2025-02-28 15:42:21,719 [Worker-55: Building] INFO  o.e.m.c.i.l.LifecycleMappingFactory - Using org.maven.ide.eclipse.wtp.WarLifecycleMapping lifecycle mapping for MavenProject: NBTruong_2210900140_K22CNT3:NBTruong_2210900140_K22CNT3:0.0.1-SNAPSHOT @ D:\NBTruong_2210900140_K22CNT3\pom.xml.
2025-02-28 15:42:22,641 [Worker-55: Building] WARN  o.a.m.s.f.DefaultMavenResourcesFiltering - Using platform encoding (UTF-8 actually) to copy filtered resources, i.e. build is platform dependent!
2025-02-28 15:42:22,650 [Worker-55: Building] INFO  o.a.m.s.f.DefaultMavenResourcesFiltering - Copying 0 resource from src\main\resources to target\classes
2025-02-28 15:42:22,653 [Worker-55: Building] WARN  o.a.m.s.f.DefaultMavenResourcesFiltering - Using platform encoding (UTF-8 actually) to copy filtered resources, i.e. build is platform dependent!
2025-02-28 15:42:22,654 [Worker-55: Building] INFO  o.a.m.s.f.DefaultMavenResourcesFiltering - Copying 0 resource from src\test\resources to target\test-classes
2025-02-28 15:42:23,077 [Worker-53: Updating Maven Dependencies] INFO  o.e.m.c.i.l.LifecycleMappingFactory - Using org.maven.ide.eclipse.wtp.WarLifecycleMapping lifecycle mapping for MavenProject: NBTruong_2210900140_K22CNT3:NBTruong_2210900140_K22CNT3:0.0.1-SNAPSHOT @ D:\NBTruong_2210900140_K22CNT3\pom.xml.
2025-02-28 15:44:34,193 [Worker-59: Building] WARN  o.a.m.s.f.DefaultMavenResourcesFiltering - Using platform encoding (UTF-8 actually) to copy filtered resources, i.e. build is platform dependent!
2025-02-28 15:44:34,195 [Worker-59: Building] INFO  o.a.m.s.f.DefaultMavenResourcesFiltering - skip non existing resourceDirectory C:\project3\K22CNT2-Nguyenbatruong-2210900140-project3\src\main\resources
2025-02-28 15:44:34,199 [Worker-59: Building] WARN  o.a.m.s.f.DefaultMavenResourcesFiltering - Using platform encoding (UTF-8 actually) to copy filtered resources, i.e. build is platform dependent!
2025-02-28 15:44:34,200 [Worker-59: Building] INFO  o.a.m.s.f.DefaultMavenResourcesFiltering - skip non existing resourceDirectory C:\project3\K22CNT2-Nguyenbatruong-2210900140-project3\src\test\resources
2025-02-28 15:59:55,900 [Worker-65: Building] WARN  o.a.m.s.f.DefaultMavenResourcesFiltering - Using platform encoding (UTF-8 actually) to copy filtered resources, i.e. build is platform dependent!
2025-02-28 15:59:55,902 [Worker-65: Building] INFO  o.a.m.s.f.DefaultMavenResourcesFiltering - skip non existing resourceDirectory C:\project3\K22CNT2-Nguyenbatruong-2210900140-project3\src\main\resources
2025-02-28 15:59:55,906 [Worker-65: Building] WARN  o.a.m.s.f.DefaultMavenResourcesFiltering - Using platform encoding (UTF-8 actually) to copy filtered resources, i.e. build is platform dependent!
2025-02-28 15:59:55,907 [Worker-65: Building] INFO  o.a.m.s.f.DefaultMavenResourcesFiltering - skip non existing resourceDirectory C:\project3\K22CNT2-Nguyenbatruong-2210900140-project3\src\test\resources
2025-02-28 16:06:38,662 [Worker-65: Building] WARN  o.a.m.s.f.DefaultMavenResourcesFiltering - Using platform encoding (UTF-8 actually) to copy filtered resources, i.e. build is platform dependent!
2025-02-28 16:06:38,664 [Worker-65: Building] INFO  o.a.m.s.f.DefaultMavenResourcesFiltering - skip non existing resourceDirectory C:\project3\K22CNT2-Nguyenbatruong-2210900140-project3\src\main\resources
2025-02-28 16:06:38,667 [Worker-65: Building] WARN  o.a.m.s.f.DefaultMavenResourcesFiltering - Using platform encoding (UTF-8 actually) to copy filtered resources, i.e. build is platform dependent!
2025-02-28 16:06:38,669 [Worker-65: Building] INFO  o.a.m.s.f.DefaultMavenResourcesFiltering - skip non existing resourceDirectory C:\project3\K22CNT2-Nguyenbatruong-2210900140-project3\src\test\resources
2025-02-28 16:44:21,902 [Worker-82: Building] WARN  o.a.m.s.f.DefaultMavenResourcesFiltering - Using platform encoding (UTF-8 actually) to copy filtered resources, i.e. build is platform dependent!
2025-02-28 16:44:21,904 [Worker-82: Building] INFO  o.a.m.s.f.DefaultMavenResourcesFiltering - skip non existing resourceDirectory C:\project3\K22CNT2-Nguyenbatruong-2210900140-project3\src\main\resources
2025-02-28 16:44:21,907 [Worker-82: Building] WARN  o.a.m.s.f.DefaultMavenResourcesFiltering - Using platform encoding (UTF-8 actually) to copy filtered resources, i.e. build is platform dependent!
2025-02-28 16:44:21,907 [Worker-82: Building] INFO  o.a.m.s.f.DefaultMavenResourcesFiltering - skip non existing resourceDirectory C:\project3\K22CNT2-Nguyenbatruong-2210900140-project3\src\test\resources
2025-02-28 16:44:28,324 [Worker-81: Building] INFO  o.e.m.c.i.l.LifecycleMappingFactory - Using org.maven.ide.eclipse.wtp.WarLifecycleMapping lifecycle mapping for MavenProject: com.javatpoint:SpringMVCPagination:0.0.1-SNAPSHOT @ C:\project3\K22CNT2-Nguyenbatruong-2210900140-project3\pom.xml.
2025-02-28 16:44:30,724 [Worker-81: Building] WARN  o.a.m.s.f.DefaultMavenResourcesFiltering - Using platform encoding (UTF-8 actually) to copy filtered resources, i.e. build is platform dependent!
2025-02-28 16:44:30,725 [Worker-81: Building] INFO  o.a.m.s.f.DefaultMavenResourcesFiltering - skip non existing resourceDirectory C:\project3\K22CNT2-Nguyenbatruong-2210900140-project3\src\main\resources
2025-02-28 16:44:30,728 [Worker-81: Building] WARN  o.a.m.s.f.DefaultMavenResourcesFiltering - Using platform encoding (UTF-8 actually) to copy filtered resources, i.e. build is platform dependent!
2025-02-28 16:44:30,729 [Worker-81: Building] INFO  o.a.m.s.f.DefaultMavenResourcesFiltering - skip non existing resourceDirectory C:\project3\K22CNT2-Nguyenbatruong-2210900140-project3\src\test\resources
2025-02-28 16:44:30,729 [Worker-81: Building] INFO  o.e.m.w.i.f.ResourceFilteringBuildParticipant - Changed resources require a complete clean of filtered resources of K22CNT2-Nguyenbatruong-2210900140-project3
2025-02-28 16:44:30,729 [Worker-81: Building] INFO  o.e.m.w.i.f.ResourceFilteringBuildParticipant - Executing resource filtering for K22CNT2-Nguyenbatruong-2210900140-project3
2025-02-28 16:44:30,897 [Worker-81: Updating Maven Project] INFO  o.e.m.c.i.p.ProjectConfigurationManager - Update started
2025-02-28 16:44:30,948 [Worker-81: Updating Maven Project] INFO  o.e.m.c.i.l.LifecycleMappingFactory - Using org.maven.ide.eclipse.wtp.WarLifecycleMapping lifecycle mapping for MavenProject: com.javatpoint:SpringMVCPagination:0.0.1-SNAPSHOT @ C:\project3\K22CNT2-Nguyenbatruong-2210900140-project3\pom.xml.
2025-02-28 16:44:31,131 [Worker-81: Updating Maven Project] INFO  o.e.m.j.i.AbstractJavaProjectConfigurator - Adding source folder /K22CNT2-Nguyenbatruong-2210900140-project3/src/main/java
2025-02-28 16:44:31,132 [Worker-81: Updating Maven Project] INFO  o.e.m.j.i.AbstractJavaProjectConfigurator - Adding resource folder /K22CNT2-Nguyenbatruong-2210900140-project3/src/main/resources
2025-02-28 16:44:31,132 [Worker-81: Updating Maven Project] INFO  o.e.m.j.i.AbstractJavaProjectConfigurator - Adding source folder /K22CNT2-Nguyenbatruong-2210900140-project3/src/test/java
2025-02-28 16:44:31,132 [Worker-81: Updating Maven Project] INFO  o.e.m.j.i.AbstractJavaProjectConfigurator - Adding resource folder /K22CNT2-Nguyenbatruong-2210900140-project3/src/test/resources
2025-02-28 16:44:31,523 [Worker-81: Updating Maven Project] INFO  o.e.m.w.i.f.ResourceFilteringBuildParticipant - Cleaning filtered folder for K22CNT2-Nguyenbatruong-2210900140-project3
2025-02-28 16:44:31,542 [Worker-81: Updating Maven Project] INFO  o.e.m.c.i.p.ProjectConfigurationManager - Update completed for 1 poms: local refresh takes 0.00 sec, refresh facades takes 0.00 sec, update config takes 0.00 sec 
2025-02-28 16:44:32,130 [Worker-86: Building Project K22CNT2-Nguyenbatruong-2210900140-project3] WARN  o.a.m.s.f.DefaultMavenResourcesFiltering - Using platform encoding (UTF-8 actually) to copy filtered resources, i.e. build is platform dependent!
2025-02-28 16:44:32,131 [Worker-86: Building Project K22CNT2-Nguyenbatruong-2210900140-project3] INFO  o.a.m.s.f.DefaultMavenResourcesFiltering - skip non existing resourceDirectory C:\project3\K22CNT2-Nguyenbatruong-2210900140-project3\src\main\resources
2025-02-28 16:44:32,133 [Worker-86: Building Project K22CNT2-Nguyenbatruong-2210900140-project3] WARN  o.a.m.s.f.DefaultMavenResourcesFiltering - Using platform encoding (UTF-8 actually) to copy filtered resources, i.e. build is platform dependent!
2025-02-28 16:44:32,136 [Worker-86: Building Project K22CNT2-Nguyenbatruong-2210900140-project3] INFO  o.a.m.s.f.DefaultMavenResourcesFiltering - skip non existing resourceDirectory C:\project3\K22CNT2-Nguyenbatruong-2210900140-project3\src\test\resources
2025-02-28 16:44:32,136 [Worker-86: Building Project K22CNT2-Nguyenbatruong-2210900140-project3] INFO  o.e.m.w.i.f.ResourceFilteringBuildParticipant - Changed resources require a complete clean of filtered resources of K22CNT2-Nguyenbatruong-2210900140-project3
2025-02-28 16:44:32,136 [Worker-86: Building Project K22CNT2-Nguyenbatruong-2210900140-project3] INFO  o.e.m.w.i.f.ResourceFilteringBuildParticipant - Executing resource filtering for K22CNT2-Nguyenbatruong-2210900140-project3
2025-03-05 13:29:32,104 [Worker-5: Loading available Gradle versions] INFO  o.e.b.c.i.u.g.PublishedGradleVersions - Gradle version information cache is out-of-date. Trying to update.
2025-03-05 13:45:27,164 [Worker-41: Building] WARN  o.a.m.s.f.DefaultMavenResourcesFiltering - Using platform encoding (UTF-8 actually) to copy filtered resources, i.e. build is platform dependent!
2025-03-05 13:45:27,166 [Worker-41: Building] INFO  o.a.m.s.f.DefaultMavenResourcesFiltering - skip non existing resourceDirectory C:\project3\K22CNT2-Nguyenbatruong-2210900140-project3\src\main\resources
2025-03-05 13:45:27,170 [Worker-41: Building] WARN  o.a.m.s.f.DefaultMavenResourcesFiltering - Using platform encoding (UTF-8 actually) to copy filtered resources, i.e. build is platform dependent!
2025-03-05 13:45:27,170 [Worker-41: Building] INFO  o.a.m.s.f.DefaultMavenResourcesFiltering - skip non existing resourceDirectory C:\project3\K22CNT2-Nguyenbatruong-2210900140-project3\src\test\resources
2025-03-05 13:45:49,643 [Worker-33: Building] WARN  o.a.m.s.f.DefaultMavenResourcesFiltering - Using platform encoding (UTF-8 actually) to copy filtered resources, i.e. build is platform dependent!
2025-03-05 13:45:49,644 [Worker-33: Building] INFO  o.a.m.s.f.DefaultMavenResourcesFiltering - skip non existing resourceDirectory C:\project3\K22CNT2-Nguyenbatruong-2210900140-project3\src\main\resources
2025-03-05 13:45:49,646 [Worker-33: Building] WARN  o.a.m.s.f.DefaultMavenResourcesFiltering - Using platform encoding (UTF-8 actually) to copy filtered resources, i.e. build is platform dependent!
2025-03-05 13:45:49,647 [Worker-33: Building] INFO  o.a.m.s.f.DefaultMavenResourcesFiltering - skip non existing resourceDirectory C:\project3\K22CNT2-Nguyenbatruong-2210900140-project3\src\test\resources
2025-03-05 13:46:55,661 [Worker-41: Building] WARN  o.a.m.s.f.DefaultMavenResourcesFiltering - Using platform encoding (UTF-8 actually) to copy filtered resources, i.e. build is platform dependent!
2025-03-05 13:46:55,662 [Worker-41: Building] INFO  o.a.m.s.f.DefaultMavenResourcesFiltering - skip non existing resourceDirectory C:\project3\K22CNT2-Nguyenbatruong-2210900140-project3\src\main\resources
2025-03-05 13:46:55,664 [Worker-41: Building] WARN  o.a.m.s.f.DefaultMavenResourcesFiltering - Using platform encoding (UTF-8 actually) to copy filtered resources, i.e. build is platform dependent!
2025-03-05 13:46:55,666 [Worker-41: Building] INFO  o.a.m.s.f.DefaultMavenResourcesFiltering - skip non existing resourceDirectory C:\project3\K22CNT2-Nguyenbatruong-2210900140-project3\src\test\resources
2025-03-05 13:48:17,968 [Worker-42: Building] WARN  o.a.m.s.f.DefaultMavenResourcesFiltering - Using platform encoding (UTF-8 actually) to copy filtered resources, i.e. build is platform dependent!
2025-03-05 13:48:17,969 [Worker-42: Building] INFO  o.a.m.s.f.DefaultMavenResourcesFiltering - skip non existing resourceDirectory C:\project3\K22CNT2-Nguyenbatruong-2210900140-project3\src\main\resources
2025-03-05 13:48:17,972 [Worker-42: Building] WARN  o.a.m.s.f.DefaultMavenResourcesFiltering - Using platform encoding (UTF-8 actually) to copy filtered resources, i.e. build is platform dependent!
2025-03-05 13:48:17,973 [Worker-42: Building] INFO  o.a.m.s.f.DefaultMavenResourcesFiltering - skip non existing resourceDirectory C:\project3\K22CNT2-Nguyenbatruong-2210900140-project3\src\test\resources
2025-03-05 13:48:41,934 [Worker-35: Building] WARN  o.a.m.s.f.DefaultMavenResourcesFiltering - Using platform encoding (UTF-8 actually) to copy filtered resources, i.e. build is platform dependent!
2025-03-05 13:48:41,935 [Worker-35: Building] INFO  o.a.m.s.f.DefaultMavenResourcesFiltering - skip non existing resourceDirectory C:\project3\K22CNT2-Nguyenbatruong-2210900140-project3\src\main\resources
2025-03-05 13:48:41,938 [Worker-35: Building] WARN  o.a.m.s.f.DefaultMavenResourcesFiltering - Using platform encoding (UTF-8 actually) to copy filtered resources, i.e. build is platform dependent!
2025-03-05 13:48:41,938 [Worker-35: Building] INFO  o.a.m.s.f.DefaultMavenResourcesFiltering - skip non existing resourceDirectory C:\project3\K22CNT2-Nguyenbatruong-2210900140-project3\src\test\resources
2025-03-05 13:50:06,722 [Worker-15: Building] WARN  o.a.m.s.f.DefaultMavenResourcesFiltering - Using platform encoding (UTF-8 actually) to copy filtered resources, i.e. build is platform dependent!
2025-03-05 13:50:06,723 [Worker-15: Building] INFO  o.a.m.s.f.DefaultMavenResourcesFiltering - skip non existing resourceDirectory C:\project3\K22CNT2-Nguyenbatruong-2210900140-project3\src\main\resources
2025-03-05 13:50:06,724 [Worker-15: Building] WARN  o.a.m.s.f.DefaultMavenResourcesFiltering - Using platform encoding (UTF-8 actually) to copy filtered resources, i.e. build is platform dependent!
2025-03-05 13:50:06,725 [Worker-15: Building] INFO  o.a.m.s.f.DefaultMavenResourcesFiltering - skip non existing resourceDirectory C:\project3\K22CNT2-Nguyenbatruong-2210900140-project3\src\test\resources
2025-03-05 13:51:51,589 [Worker-40: Building] WARN  o.a.m.s.f.DefaultMavenResourcesFiltering - Using platform encoding (UTF-8 actually) to copy filtered resources, i.e. build is platform dependent!
2025-03-05 13:51:51,590 [Worker-40: Building] INFO  o.a.m.s.f.DefaultMavenResourcesFiltering - skip non existing resourceDirectory C:\project3\K22CNT2-Nguyenbatruong-2210900140-project3\src\main\resources
2025-03-05 13:51:51,593 [Worker-40: Building] WARN  o.a.m.s.f.DefaultMavenResourcesFiltering - Using platform encoding (UTF-8 actually) to copy filtered resources, i.e. build is platform dependent!
2025-03-05 13:51:51,593 [Worker-40: Building] INFO  o.a.m.s.f.DefaultMavenResourcesFiltering - skip non existing resourceDirectory C:\project3\K22CNT2-Nguyenbatruong-2210900140-project3\src\test\resources
2025-03-05 13:58:26,337 [Worker-15: Building] WARN  o.a.m.s.f.DefaultMavenResourcesFiltering - Using platform encoding (UTF-8 actually) to copy filtered resources, i.e. build is platform dependent!
2025-03-05 13:58:26,338 [Worker-15: Building] INFO  o.a.m.s.f.DefaultMavenResourcesFiltering - skip non existing resourceDirectory C:\project3\K22CNT2-Nguyenbatruong-2210900140-project3\src\main\resources
2025-03-05 13:58:26,341 [Worker-15: Building] WARN  o.a.m.s.f.DefaultMavenResourcesFiltering - Using platform encoding (UTF-8 actually) to copy filtered resources, i.e. build is platform dependent!
2025-03-05 13:58:26,341 [Worker-15: Building] INFO  o.a.m.s.f.DefaultMavenResourcesFiltering - skip non existing resourceDirectory C:\project3\K22CNT2-Nguyenbatruong-2210900140-project3\src\test\resources
2025-03-05 13:59:44,349 [Worker-40: Building] WARN  o.a.m.s.f.DefaultMavenResourcesFiltering - Using platform encoding (UTF-8 actually) to copy filtered resources, i.e. build is platform dependent!
2025-03-05 13:59:44,349 [Worker-40: Building] INFO  o.a.m.s.f.DefaultMavenResourcesFiltering - skip non existing resourceDirectory C:\project3\K22CNT2-Nguyenbatruong-2210900140-project3\src\main\resources
2025-03-05 13:59:44,351 [Worker-40: Building] WARN  o.a.m.s.f.DefaultMavenResourcesFiltering - Using platform encoding (UTF-8 actually) to copy filtered resources, i.e. build is platform dependent!
2025-03-05 13:59:44,352 [Worker-40: Building] INFO  o.a.m.s.f.DefaultMavenResourcesFiltering - skip non existing resourceDirectory C:\project3\K22CNT2-Nguyenbatruong-2210900140-project3\src\test\resources
2025-03-05 14:01:03,498 [Worker-43: Building] WARN  o.a.m.s.f.DefaultMavenResourcesFiltering - Using platform encoding (UTF-8 actually) to copy filtered resources, i.e. build is platform dependent!
2025-03-05 14:01:03,499 [Worker-43: Building] INFO  o.a.m.s.f.DefaultMavenResourcesFiltering - skip non existing resourceDirectory C:\project3\K22CNT2-Nguyenbatruong-2210900140-project3\src\main\resources
2025-03-05 14:01:03,501 [Worker-43: Building] WARN  o.a.m.s.f.DefaultMavenResourcesFiltering - Using platform encoding (UTF-8 actually) to copy filtered resources, i.e. build is platform dependent!
2025-03-05 14:01:03,528 [Worker-43: Building] INFO  o.a.m.s.f.DefaultMavenResourcesFiltering - skip non existing resourceDirectory C:\project3\K22CNT2-Nguyenbatruong-2210900140-project3\src\test\resources
2025-03-05 14:02:35,036 [Worker-45: Building] WARN  o.a.m.s.f.DefaultMavenResourcesFiltering - Using platform encoding (UTF-8 actually) to copy filtered resources, i.e. build is platform dependent!
2025-03-05 14:02:35,037 [Worker-45: Building] INFO  o.a.m.s.f.DefaultMavenResourcesFiltering - skip non existing resourceDirectory C:\project3\K22CNT2-Nguyenbatruong-2210900140-project3\src\main\resources
2025-03-05 14:02:35,041 [Worker-45: Building] WARN  o.a.m.s.f.DefaultMavenResourcesFiltering - Using platform encoding (UTF-8 actually) to copy filtered resources, i.e. build is platform dependent!
2025-03-05 14:02:35,042 [Worker-45: Building] INFO  o.a.m.s.f.DefaultMavenResourcesFiltering - skip non existing resourceDirectory C:\project3\K22CNT2-Nguyenbatruong-2210900140-project3\src\test\resources
2025-03-05 14:04:57,210 [Worker-43: Building] WARN  o.a.m.s.f.DefaultMavenResourcesFiltering - Using platform encoding (UTF-8 actually) to copy filtered resources, i.e. build is platform dependent!
2025-03-05 14:04:57,211 [Worker-43: Building] INFO  o.a.m.s.f.DefaultMavenResourcesFiltering - skip non existing resourceDirectory C:\project3\K22CNT2-Nguyenbatruong-2210900140-project3\src\main\resources
2025-03-05 14:04:57,215 [Worker-43: Building] WARN  o.a.m.s.f.DefaultMavenResourcesFiltering - Using platform encoding (UTF-8 actually) to copy filtered resources, i.e. build is platform dependent!
2025-03-05 14:04:57,216 [Worker-43: Building] INFO  o.a.m.s.f.DefaultMavenResourcesFiltering - skip non existing resourceDirectory C:\project3\K22CNT2-Nguyenbatruong-2210900140-project3\src\test\resources
2025-03-05 14:06:38,292 [Worker-45: Building] WARN  o.a.m.s.f.DefaultMavenResourcesFiltering - Using platform encoding (UTF-8 actually) to copy filtered resources, i.e. build is platform dependent!
2025-03-05 14:06:38,292 [Worker-45: Building] INFO  o.a.m.s.f.DefaultMavenResourcesFiltering - skip non existing resourceDirectory C:\project3\K22CNT2-Nguyenbatruong-2210900140-project3\src\main\resources
2025-03-05 14:06:38,295 [Worker-45: Building] WARN  o.a.m.s.f.DefaultMavenResourcesFiltering - Using platform encoding (UTF-8 actually) to copy filtered resources, i.e. build is platform dependent!
2025-03-05 14:06:38,296 [Worker-45: Building] INFO  o.a.m.s.f.DefaultMavenResourcesFiltering - skip non existing resourceDirectory C:\project3\K22CNT2-Nguyenbatruong-2210900140-project3\src\test\resources
2025-03-05 14:07:09,946 [Worker-40: Building] WARN  o.a.m.s.f.DefaultMavenResourcesFiltering - Using platform encoding (UTF-8 actually) to copy filtered resources, i.e. build is platform dependent!
2025-03-05 14:07:09,947 [Worker-40: Building] INFO  o.a.m.s.f.DefaultMavenResourcesFiltering - skip non existing resourceDirectory C:\project3\K22CNT2-Nguyenbatruong-2210900140-project3\src\main\resources
2025-03-05 14:07:09,949 [Worker-40: Building] WARN  o.a.m.s.f.DefaultMavenResourcesFiltering - Using platform encoding (UTF-8 actually) to copy filtered resources, i.e. build is platform dependent!
2025-03-05 14:07:09,950 [Worker-40: Building] INFO  o.a.m.s.f.DefaultMavenResourcesFiltering - skip non existing resourceDirectory C:\project3\K22CNT2-Nguyenbatruong-2210900140-project3\src\test\resources
2025-03-05 14:08:28,842 [Worker-45: Building] WARN  o.a.m.s.f.DefaultMavenResourcesFiltering - Using platform encoding (UTF-8 actually) to copy filtered resources, i.e. build is platform dependent!
2025-03-05 14:08:28,843 [Worker-45: Building] INFO  o.a.m.s.f.DefaultMavenResourcesFiltering - skip non existing resourceDirectory C:\project3\K22CNT2-Nguyenbatruong-2210900140-project3\src\main\resources
2025-03-05 14:08:28,845 [Worker-45: Building] WARN  o.a.m.s.f.DefaultMavenResourcesFiltering - Using platform encoding (UTF-8 actually) to copy filtered resources, i.e. build is platform dependent!
2025-03-05 14:08:28,845 [Worker-45: Building] INFO  o.a.m.s.f.DefaultMavenResourcesFiltering - skip non existing resourceDirectory C:\project3\K22CNT2-Nguyenbatruong-2210900140-project3\src\test\resources
2025-03-05 14:08:35,082 [Worker-41: Building] WARN  o.a.m.s.f.DefaultMavenResourcesFiltering - Using platform encoding (UTF-8 actually) to copy filtered resources, i.e. build is platform dependent!
2025-03-05 14:08:35,084 [Worker-41: Building] INFO  o.a.m.s.f.DefaultMavenResourcesFiltering - skip non existing resourceDirectory C:\project3\K22CNT2-Nguyenbatruong-2210900140-project3\src\main\resources
2025-03-05 14:08:35,087 [Worker-41: Building] WARN  o.a.m.s.f.DefaultMavenResourcesFiltering - Using platform encoding (UTF-8 actually) to copy filtered resources, i.e. build is platform dependent!
2025-03-05 14:08:35,088 [Worker-41: Building] INFO  o.a.m.s.f.DefaultMavenResourcesFiltering - skip non existing resourceDirectory C:\project3\K22CNT2-Nguyenbatruong-2210900140-project3\src\test\resources
2025-03-05 14:08:52,605 [Worker-40: Building] WARN  o.a.m.s.f.DefaultMavenResourcesFiltering - Using platform encoding (UTF-8 actually) to copy filtered resources, i.e. build is platform dependent!
2025-03-05 14:08:52,606 [Worker-40: Building] INFO  o.a.m.s.f.DefaultMavenResourcesFiltering - skip non existing resourceDirectory C:\project3\K22CNT2-Nguyenbatruong-2210900140-project3\src\main\resources
2025-03-05 14:08:52,610 [Worker-40: Building] WARN  o.a.m.s.f.DefaultMavenResourcesFiltering - Using platform encoding (UTF-8 actually) to copy filtered resources, i.e. build is platform dependent!
2025-03-05 14:08:52,612 [Worker-40: Building] INFO  o.a.m.s.f.DefaultMavenResourcesFiltering - skip non existing resourceDirectory C:\project3\K22CNT2-Nguyenbatruong-2210900140-project3\src\test\resources
2025-03-05 14:09:00,099 [Worker-35: Building] WARN  o.a.m.s.f.DefaultMavenResourcesFiltering - Using platform encoding (UTF-8 actually) to copy filtered resources, i.e. build is platform dependent!
2025-03-05 14:09:00,100 [Worker-35: Building] INFO  o.a.m.s.f.DefaultMavenResourcesFiltering - skip non existing resourceDirectory C:\project3\K22CNT2-Nguyenbatruong-2210900140-project3\src\main\resources
2025-03-05 14:09:00,105 [Worker-35: Building] WARN  o.a.m.s.f.DefaultMavenResourcesFiltering - Using platform encoding (UTF-8 actually) to copy filtered resources, i.e. build is platform dependent!
2025-03-05 14:09:00,106 [Worker-35: Building] INFO  o.a.m.s.f.DefaultMavenResourcesFiltering - skip non existing resourceDirectory C:\project3\K22CNT2-Nguyenbatruong-2210900140-project3\src\test\resources
2025-03-05 14:10:04,208 [Worker-35: Launching Executing install in C__project3_K22CNT2-Nguyenbatruong-2210900140-project3] INFO  o.eclipse.m2e.core.internal.Bundles - getClasspathEntries(Bundle=org.eclipse.m2e.maven.runtime_3.9.900.20240824-1409 [643])
2025-03-05 14:10:04,209 [Worker-35: Launching Executing install in C__project3_K22CNT2-Nguyenbatruong-2210900140-project3] INFO  o.eclipse.m2e.core.internal.Bundles - 	Entry: D:\eclipse-jee-2024-09-R-win32-x86_64\eclipse\plugins\org.eclipse.m2e.maven.runtime_3.9.900.20240824-1409
2025-03-05 14:10:04,210 [Worker-35: Launching Executing install in C__project3_K22CNT2-Nguyenbatruong-2210900140-project3] INFO  o.eclipse.m2e.core.internal.Bundles - 	Entry: D:\eclipse-jee-2024-09-R-win32-x86_64\eclipse\plugins\org.eclipse.m2e.maven.runtime_3.9.900.20240824-1409\jars\aopalliance-1.0.jar
2025-03-05 14:10:04,210 [Worker-35: Launching Executing install in C__project3_K22CNT2-Nguyenbatruong-2210900140-project3] INFO  o.eclipse.m2e.core.internal.Bundles - 	Entry: D:\eclipse-jee-2024-09-R-win32-x86_64\eclipse\plugins\org.eclipse.m2e.maven.runtime_3.9.900.20240824-1409\jars\guice-5.1.0.jar
2025-03-05 14:10:04,210 [Worker-35: Launching Executing install in C__project3_K22CNT2-Nguyenbatruong-2210900140-project3] INFO  o.eclipse.m2e.core.internal.Bundles - 	Entry: D:\eclipse-jee-2024-09-R-win32-x86_64\eclipse\plugins\org.eclipse.m2e.maven.runtime_3.9.900.20240824-1409\jars\httpclient-4.5.14.jar
2025-03-05 14:10:04,210 [Worker-35: Launching Executing install in C__project3_K22CNT2-Nguyenbatruong-2210900140-project3] INFO  o.eclipse.m2e.core.internal.Bundles - 	Entry: D:\eclipse-jee-2024-09-R-win32-x86_64\eclipse\plugins\org.eclipse.m2e.maven.runtime_3.9.900.20240824-1409\jars\httpcore-4.4.16.jar
2025-03-05 14:10:04,210 [Worker-35: Launching Executing install in C__project3_K22CNT2-Nguyenbatruong-2210900140-project3] INFO  o.eclipse.m2e.core.internal.Bundles - 	Entry: D:\eclipse-jee-2024-09-R-win32-x86_64\eclipse\plugins\org.eclipse.m2e.maven.runtime_3.9.900.20240824-1409\jars\jansi-2.4.1.jar
2025-03-05 14:10:04,210 [Worker-35: Launching Executing install in C__project3_K22CNT2-Nguyenbatruong-2210900140-project3] INFO  o.eclipse.m2e.core.internal.Bundles - 	Entry: D:\eclipse-jee-2024-09-R-win32-x86_64\eclipse\plugins\org.eclipse.m2e.maven.runtime_3.9.900.20240824-1409\jars\jcl-over-slf4j-1.7.36.jar
2025-03-05 14:10:04,210 [Worker-35: Launching Executing install in C__project3_K22CNT2-Nguyenbatruong-2210900140-project3] INFO  o.eclipse.m2e.core.internal.Bundles - 	Entry: D:\eclipse-jee-2024-09-R-win32-x86_64\eclipse\plugins\org.eclipse.m2e.maven.runtime_3.9.900.20240824-1409\jars\maven-artifact-3.9.9.jar
2025-03-05 14:10:04,210 [Worker-35: Launching Executing install in C__project3_K22CNT2-Nguyenbatruong-2210900140-project3] INFO  o.eclipse.m2e.core.internal.Bundles - 	Entry: D:\eclipse-jee-2024-09-R-win32-x86_64\eclipse\plugins\org.eclipse.m2e.maven.runtime_3.9.900.20240824-1409\jars\maven-builder-support-3.9.9.jar
2025-03-05 14:10:04,210 [Worker-35: Launching Executing install in C__project3_K22CNT2-Nguyenbatruong-2210900140-project3] INFO  o.eclipse.m2e.core.internal.Bundles - 	Entry: D:\eclipse-jee-2024-09-R-win32-x86_64\eclipse\plugins\org.eclipse.m2e.maven.runtime_3.9.900.20240824-1409\jars\maven-compat-3.9.9.jar
2025-03-05 14:10:04,210 [Worker-35: Launching Executing install in C__project3_K22CNT2-Nguyenbatruong-2210900140-project3] INFO  o.eclipse.m2e.core.internal.Bundles - 	Entry: D:\eclipse-jee-2024-09-R-win32-x86_64\eclipse\plugins\org.eclipse.m2e.maven.runtime_3.9.900.20240824-1409\jars\maven-core-3.9.9.jar
2025-03-05 14:10:04,210 [Worker-35: Launching Executing install in C__project3_K22CNT2-Nguyenbatruong-2210900140-project3] INFO  o.eclipse.m2e.core.internal.Bundles - 	Entry: D:\eclipse-jee-2024-09-R-win32-x86_64\eclipse\plugins\org.eclipse.m2e.maven.runtime_3.9.900.20240824-1409\jars\maven-embedder-3.9.9.jar
2025-03-05 14:10:04,210 [Worker-35: Launching Executing install in C__project3_K22CNT2-Nguyenbatruong-2210900140-project3] INFO  o.eclipse.m2e.core.internal.Bundles - 	Entry: D:\eclipse-jee-2024-09-R-win32-x86_64\eclipse\plugins\org.eclipse.m2e.maven.runtime_3.9.900.20240824-1409\jars\maven-model-3.9.9.jar
2025-03-05 14:10:04,210 [Worker-35: Launching Executing install in C__project3_K22CNT2-Nguyenbatruong-2210900140-project3] INFO  o.eclipse.m2e.core.internal.Bundles - 	Entry: D:\eclipse-jee-2024-09-R-win32-x86_64\eclipse\plugins\org.eclipse.m2e.maven.runtime_3.9.900.20240824-1409\jars\maven-model-builder-3.9.9.jar
2025-03-05 14:10:04,210 [Worker-35: Launching Executing install in C__project3_K22CNT2-Nguyenbatruong-2210900140-project3] INFO  o.eclipse.m2e.core.internal.Bundles - 	Entry: D:\eclipse-jee-2024-09-R-win32-x86_64\eclipse\plugins\org.eclipse.m2e.maven.runtime_3.9.900.20240824-1409\jars\maven-plugin-api-3.9.9.jar
2025-03-05 14:10:04,210 [Worker-35: Launching Executing install in C__project3_K22CNT2-Nguyenbatruong-2210900140-project3] INFO  o.eclipse.m2e.core.internal.Bundles - 	Entry: D:\eclipse-jee-2024-09-R-win32-x86_64\eclipse\plugins\org.eclipse.m2e.maven.runtime_3.9.900.20240824-1409\jars\maven-repository-metadata-3.9.9.jar
2025-03-05 14:10:04,210 [Worker-35: Launching Executing install in C__project3_K22CNT2-Nguyenbatruong-2210900140-project3] INFO  o.eclipse.m2e.core.internal.Bundles - 	Entry: D:\eclipse-jee-2024-09-R-win32-x86_64\eclipse\plugins\org.eclipse.m2e.maven.runtime_3.9.900.20240824-1409\jars\maven-resolver-api-1.9.22.jar
2025-03-05 14:10:04,210 [Worker-35: Launching Executing install in C__project3_K22CNT2-Nguyenbatruong-2210900140-project3] INFO  o.eclipse.m2e.core.internal.Bundles - 	Entry: D:\eclipse-jee-2024-09-R-win32-x86_64\eclipse\plugins\org.eclipse.m2e.maven.runtime_3.9.900.20240824-1409\jars\maven-resolver-connector-basic-1.9.22.jar
2025-03-05 14:10:04,210 [Worker-35: Launching Executing install in C__project3_K22CNT2-Nguyenbatruong-2210900140-project3] INFO  o.eclipse.m2e.core.internal.Bundles - 	Entry: D:\eclipse-jee-2024-09-R-win32-x86_64\eclipse\plugins\org.eclipse.m2e.maven.runtime_3.9.900.20240824-1409\jars\maven-resolver-impl-1.9.22.jar
2025-03-05 14:10:04,210 [Worker-35: Launching Executing install in C__project3_K22CNT2-Nguyenbatruong-2210900140-project3] INFO  o.eclipse.m2e.core.internal.Bundles - 	Entry: D:\eclipse-jee-2024-09-R-win32-x86_64\eclipse\plugins\org.eclipse.m2e.maven.runtime_3.9.900.20240824-1409\jars\maven-resolver-named-locks-1.9.22.jar
2025-03-05 14:10:04,210 [Worker-35: Launching Executing install in C__project3_K22CNT2-Nguyenbatruong-2210900140-project3] INFO  o.eclipse.m2e.core.internal.Bundles - 	Entry: D:\eclipse-jee-2024-09-R-win32-x86_64\eclipse\plugins\org.eclipse.m2e.maven.runtime_3.9.900.20240824-1409\jars\maven-resolver-provider-3.9.9.jar
2025-03-05 14:10:04,210 [Worker-35: Launching Executing install in C__project3_K22CNT2-Nguyenbatruong-2210900140-project3] INFO  o.eclipse.m2e.core.internal.Bundles - 	Entry: D:\eclipse-jee-2024-09-R-win32-x86_64\eclipse\plugins\org.eclipse.m2e.maven.runtime_3.9.900.20240824-1409\jars\maven-resolver-spi-1.9.22.jar
2025-03-05 14:10:04,210 [Worker-35: Launching Executing install in C__project3_K22CNT2-Nguyenbatruong-2210900140-project3] INFO  o.eclipse.m2e.core.internal.Bundles - 	Entry: D:\eclipse-jee-2024-09-R-win32-x86_64\eclipse\plugins\org.eclipse.m2e.maven.runtime_3.9.900.20240824-1409\jars\maven-resolver-transport-file-1.9.22.jar
2025-03-05 14:10:04,210 [Worker-35: Launching Executing install in C__project3_K22CNT2-Nguyenbatruong-2210900140-project3] INFO  o.eclipse.m2e.core.internal.Bundles - 	Entry: D:\eclipse-jee-2024-09-R-win32-x86_64\eclipse\plugins\org.eclipse.m2e.maven.runtime_3.9.900.20240824-1409\jars\maven-resolver-transport-http-1.9.22.jar
2025-03-05 14:10:04,210 [Worker-35: Launching Executing install in C__project3_K22CNT2-Nguyenbatruong-2210900140-project3] INFO  o.eclipse.m2e.core.internal.Bundles - 	Entry: D:\eclipse-jee-2024-09-R-win32-x86_64\eclipse\plugins\org.eclipse.m2e.maven.runtime_3.9.900.20240824-1409\jars\maven-resolver-transport-wagon-1.9.22.jar
2025-03-05 14:10:04,210 [Worker-35: Launching Executing install in C__project3_K22CNT2-Nguyenbatruong-2210900140-project3] INFO  o.eclipse.m2e.core.internal.Bundles - 	Entry: D:\eclipse-jee-2024-09-R-win32-x86_64\eclipse\plugins\org.eclipse.m2e.maven.runtime_3.9.900.20240824-1409\jars\maven-resolver-util-1.9.22.jar
2025-03-05 14:10:04,210 [Worker-35: Launching Executing install in C__project3_K22CNT2-Nguyenbatruong-2210900140-project3] INFO  o.eclipse.m2e.core.internal.Bundles - 	Entry: D:\eclipse-jee-2024-09-R-win32-x86_64\eclipse\plugins\org.eclipse.m2e.maven.runtime_3.9.900.20240824-1409\jars\maven-settings-3.9.9.jar
2025-03-05 14:10:04,210 [Worker-35: Launching Executing install in C__project3_K22CNT2-Nguyenbatruong-2210900140-project3] INFO  o.eclipse.m2e.core.internal.Bundles - 	Entry: D:\eclipse-jee-2024-09-R-win32-x86_64\eclipse\plugins\org.eclipse.m2e.maven.runtime_3.9.900.20240824-1409\jars\maven-settings-builder-3.9.9.jar
2025-03-05 14:10:04,211 [Worker-35: Launching Executing install in C__project3_K22CNT2-Nguyenbatruong-2210900140-project3] INFO  o.eclipse.m2e.core.internal.Bundles - 	Entry: D:\eclipse-jee-2024-09-R-win32-x86_64\eclipse\plugins\org.eclipse.m2e.maven.runtime_3.9.900.20240824-1409\jars\maven-shared-utils-3.4.2.jar
2025-03-05 14:10:04,211 [Worker-35: Launching Executing install in C__project3_K22CNT2-Nguyenbatruong-2210900140-project3] INFO  o.eclipse.m2e.core.internal.Bundles - 	Entry: D:\eclipse-jee-2024-09-R-win32-x86_64\eclipse\plugins\org.eclipse.m2e.maven.runtime_3.9.900.20240824-1409\jars\org.eclipse.sisu.inject-0.9.0.M3.jar
2025-03-05 14:10:04,211 [Worker-35: Launching Executing install in C__project3_K22CNT2-Nguyenbatruong-2210900140-project3] INFO  o.eclipse.m2e.core.internal.Bundles - 	Entry: D:\eclipse-jee-2024-09-R-win32-x86_64\eclipse\plugins\org.eclipse.m2e.maven.runtime_3.9.900.20240824-1409\jars\org.eclipse.sisu.plexus-0.9.0.M3.jar
2025-03-05 14:10:04,211 [Worker-35: Launching Executing install in C__project3_K22CNT2-Nguyenbatruong-2210900140-project3] INFO  o.eclipse.m2e.core.internal.Bundles - 	Entry: D:\eclipse-jee-2024-09-R-win32-x86_64\eclipse\plugins\org.eclipse.m2e.maven.runtime_3.9.900.20240824-1409\jars\plexus-build-api-0.0.7.jar
2025-03-05 14:10:04,211 [Worker-35: Launching Executing install in C__project3_K22CNT2-Nguyenbatruong-2210900140-project3] INFO  o.eclipse.m2e.core.internal.Bundles - 	Entry: D:\eclipse-jee-2024-09-R-win32-x86_64\eclipse\plugins\org.eclipse.m2e.maven.runtime_3.9.900.20240824-1409\jars\plexus-build-api-1.2.0.jar
2025-03-05 14:10:04,211 [Worker-35: Launching Executing install in C__project3_K22CNT2-Nguyenbatruong-2210900140-project3] INFO  o.eclipse.m2e.core.internal.Bundles - 	Entry: D:\eclipse-jee-2024-09-R-win32-x86_64\eclipse\plugins\org.eclipse.m2e.maven.runtime_3.9.900.20240824-1409\jars\plexus-cipher-2.0.jar
2025-03-05 14:10:04,211 [Worker-35: Launching Executing install in C__project3_K22CNT2-Nguyenbatruong-2210900140-project3] INFO  o.eclipse.m2e.core.internal.Bundles - 	Entry: D:\eclipse-jee-2024-09-R-win32-x86_64\eclipse\plugins\org.eclipse.m2e.maven.runtime_3.9.900.20240824-1409\jars\plexus-classworlds-2.8.0.jar
2025-03-05 14:10:04,211 [Worker-35: Launching Executing install in C__project3_K22CNT2-Nguyenbatruong-2210900140-project3] INFO  o.eclipse.m2e.core.internal.Bundles - 	Entry: D:\eclipse-jee-2024-09-R-win32-x86_64\eclipse\plugins\org.eclipse.m2e.maven.runtime_3.9.900.20240824-1409\jars\plexus-component-annotations-2.1.0.jar
2025-03-05 14:10:04,211 [Worker-35: Launching Executing install in C__project3_K22CNT2-Nguyenbatruong-2210900140-project3] INFO  o.eclipse.m2e.core.internal.Bundles - 	Entry: D:\eclipse-jee-2024-09-R-win32-x86_64\eclipse\plugins\org.eclipse.m2e.maven.runtime_3.9.900.20240824-1409\jars\plexus-interpolation-1.27.jar
2025-03-05 14:10:04,211 [Worker-35: Launching Executing install in C__project3_K22CNT2-Nguyenbatruong-2210900140-project3] INFO  o.eclipse.m2e.core.internal.Bundles - 	Entry: D:\eclipse-jee-2024-09-R-win32-x86_64\eclipse\plugins\org.eclipse.m2e.maven.runtime_3.9.900.20240824-1409\jars\plexus-sec-dispatcher-2.0.jar
2025-03-05 14:10:04,211 [Worker-35: Launching Executing install in C__project3_K22CNT2-Nguyenbatruong-2210900140-project3] INFO  o.eclipse.m2e.core.internal.Bundles - 	Entry: D:\eclipse-jee-2024-09-R-win32-x86_64\eclipse\plugins\org.eclipse.m2e.maven.runtime_3.9.900.20240824-1409\jars\plexus-utils-3.5.1.jar
2025-03-05 14:10:04,211 [Worker-35: Launching Executing install in C__project3_K22CNT2-Nguyenbatruong-2210900140-project3] INFO  o.eclipse.m2e.core.internal.Bundles - 	Entry: D:\eclipse-jee-2024-09-R-win32-x86_64\eclipse\plugins\org.eclipse.m2e.maven.runtime_3.9.900.20240824-1409\jars\plexus-xml-3.0.1.jar
2025-03-05 14:10:04,211 [Worker-35: Launching Executing install in C__project3_K22CNT2-Nguyenbatruong-2210900140-project3] INFO  o.eclipse.m2e.core.internal.Bundles - 	Entry: D:\eclipse-jee-2024-09-R-win32-x86_64\eclipse\plugins\org.eclipse.m2e.maven.runtime_3.9.900.20240824-1409\jars\wagon-file-3.5.3.jar
2025-03-05 14:10:04,211 [Worker-35: Launching Executing install in C__project3_K22CNT2-Nguyenbatruong-2210900140-project3] INFO  o.eclipse.m2e.core.internal.Bundles - 	Entry: D:\eclipse-jee-2024-09-R-win32-x86_64\eclipse\plugins\org.eclipse.m2e.maven.runtime_3.9.900.20240824-1409\jars\wagon-http-3.5.3.jar
2025-03-05 14:10:04,211 [Worker-35: Launching Executing install in C__project3_K22CNT2-Nguyenbatruong-2210900140-project3] INFO  o.eclipse.m2e.core.internal.Bundles - 	Entry: D:\eclipse-jee-2024-09-R-win32-x86_64\eclipse\plugins\org.eclipse.m2e.maven.runtime_3.9.900.20240824-1409\jars\wagon-http-shared-3.5.3.jar
2025-03-05 14:10:04,211 [Worker-35: Launching Executing install in C__project3_K22CNT2-Nguyenbatruong-2210900140-project3] INFO  o.eclipse.m2e.core.internal.Bundles - 	Entry: D:\eclipse-jee-2024-09-R-win32-x86_64\eclipse\plugins\org.eclipse.m2e.maven.runtime_3.9.900.20240824-1409\jars\wagon-provider-api-3.5.3.jar
2025-03-05 14:10:04,212 [Worker-35: Launching Executing install in C__project3_K22CNT2-Nguyenbatruong-2210900140-project3] INFO  o.eclipse.m2e.core.internal.Bundles - getClasspathEntries(Bundle=com.google.guava_33.3.0.jre [16])
2025-03-05 14:10:04,212 [Worker-35: Launching Executing install in C__project3_K22CNT2-Nguyenbatruong-2210900140-project3] INFO  o.eclipse.m2e.core.internal.Bundles - 	Entry: D:\eclipse-jee-2024-09-R-win32-x86_64\eclipse\plugins\com.google.guava_33.3.0.jre.jar
2025-03-05 14:10:04,212 [Worker-35: Launching Executing install in C__project3_K22CNT2-Nguyenbatruong-2210900140-project3] INFO  o.eclipse.m2e.core.internal.Bundles - getClasspathEntries(Bundle=slf4j.api_2.0.16 [1008])
2025-03-05 14:10:04,212 [Worker-35: Launching Executing install in C__project3_K22CNT2-Nguyenbatruong-2210900140-project3] INFO  o.eclipse.m2e.core.internal.Bundles - 	Entry: D:\eclipse-jee-2024-09-R-win32-x86_64\eclipse\plugins\slf4j.api_2.0.16.jar
2025-03-05 14:10:04,212 [Worker-35: Launching Executing install in C__project3_K22CNT2-Nguyenbatruong-2210900140-project3] INFO  o.eclipse.m2e.core.internal.Bundles - getClasspathEntries(Bundle=jakarta.inject.jakarta.inject-api_1.0.5 [34])
2025-03-05 14:10:04,212 [Worker-35: Launching Executing install in C__project3_K22CNT2-Nguyenbatruong-2210900140-project3] INFO  o.eclipse.m2e.core.internal.Bundles - 	Entry: D:\eclipse-jee-2024-09-R-win32-x86_64\eclipse\plugins\jakarta.inject.jakarta.inject-api_1.0.5.jar
2025-03-05 14:10:04,212 [Worker-35: Launching Executing install in C__project3_K22CNT2-Nguyenbatruong-2210900140-project3] INFO  o.eclipse.m2e.core.internal.Bundles - getClasspathEntries(Bundle=jakarta.annotation-api_1.3.5 [29])
2025-03-05 14:10:04,212 [Worker-35: Launching Executing install in C__project3_K22CNT2-Nguyenbatruong-2210900140-project3] INFO  o.eclipse.m2e.core.internal.Bundles - 	Entry: D:\eclipse-jee-2024-09-R-win32-x86_64\eclipse\plugins\jakarta.annotation-api_1.3.5.jar
2025-03-05 14:10:04,212 [Worker-35: Launching Executing install in C__project3_K22CNT2-Nguyenbatruong-2210900140-project3] INFO  o.eclipse.m2e.core.internal.Bundles - getClasspathEntries(Bundle=org.apache.commons.cli_1.9.0 [78])
2025-03-05 14:10:04,212 [Worker-35: Launching Executing install in C__project3_K22CNT2-Nguyenbatruong-2210900140-project3] INFO  o.eclipse.m2e.core.internal.Bundles - 	Entry: D:\eclipse-jee-2024-09-R-win32-x86_64\eclipse\plugins\org.apache.commons.cli_1.9.0.jar
2025-03-05 14:10:04,212 [Worker-35: Launching Executing install in C__project3_K22CNT2-Nguyenbatruong-2210900140-project3] INFO  o.eclipse.m2e.core.internal.Bundles - getClasspathEntries(Bundle=org.apache.commons.commons-codec_1.16.0 [81])
2025-03-05 14:10:04,212 [Worker-35: Launching Executing install in C__project3_K22CNT2-Nguyenbatruong-2210900140-project3] INFO  o.eclipse.m2e.core.internal.Bundles - 	Entry: D:\eclipse-jee-2024-09-R-win32-x86_64\eclipse\plugins\org.apache.commons.commons-codec_1.16.0.jar
2025-03-05 14:10:04,212 [Worker-35: Launching Executing install in C__project3_K22CNT2-Nguyenbatruong-2210900140-project3] INFO  o.eclipse.m2e.core.internal.Bundles - getClasspathEntries(Bundle=com.google.guava.failureaccess_1.0.2 [17])
2025-03-05 14:10:04,212 [Worker-35: Launching Executing install in C__project3_K22CNT2-Nguyenbatruong-2210900140-project3] INFO  o.eclipse.m2e.core.internal.Bundles - 	Entry: D:\eclipse-jee-2024-09-R-win32-x86_64\eclipse\plugins\com.google.guava.failureaccess_1.0.2.jar
2025-03-05 14:10:04,214 [Worker-35: Launching Executing install in C__project3_K22CNT2-Nguyenbatruong-2210900140-project3] INFO  o.e.m.i.launch.MavenLaunchDelegate - Run build in "C:\project3\K22CNT2-Nguyenbatruong-2210900140-project3":
2025-03-05 14:10:04,225 [Worker-35: Launching Executing install in C__project3_K22CNT2-Nguyenbatruong-2210900140-project3] INFO  o.e.m.i.launch.MavenLaunchDelegate -  mvn  -B -Dstyle.color=always install
2025-03-05 14:35:05,737 [Worker-61: https://download.eclipse.org/technology/m2e/releases/latest/plugins/biz.aQute.bndlib_7.1.0.202411251545.jar] INFO  o.a.h.c.h.i.c.HttpRequestRetryExec - Recoverable I/O exception (java.net.SocketException) caught when processing request to {s}->https://download.eclipse.org:443
2025-03-05 14:35:06,251 [Worker-52: https://download.eclipse.org/technology/m2e/releases/latest/plugins/com.google.guava_33.4.0.jre.jar] INFO  o.a.h.c.h.i.c.HttpRequestRetryExec - Recoverable I/O exception (java.net.SocketException) caught when processing request to {s}->https://download.eclipse.org:443
2025-03-05 14:35:06,992 [Worker-61: https://download.eclipse.org/technology/m2e/releases/latest/plugins/org.eclipse.m2e.maven.runtime_3.9.900.20250220-2013.jar] INFO  o.a.h.c.h.i.c.HttpRequestRetryExec - Recoverable I/O exception (java.net.SocketException) caught when processing request to {s}->https://download.eclipse.org:443
2025-03-05 14:35:07,011 [Worker-63: https://download.eclipse.org/technology/m2e/releases/latest/plugins/org.eclipse.m2e.pde.ui_2.1.1.20250223-0727.jar] INFO  o.a.h.c.h.i.c.HttpRequestRetryExec - Recoverable I/O exception (java.net.SocketException) caught when processing request to {s}->https://download.eclipse.org:443
2025-03-05 14:35:07,243 [Worker-61: https://download.eclipse.org/technology/m2e/releases/latest/plugins/org.eclipse.m2e.maven.runtime_3.9.900.20250220-2013.jar] INFO  o.a.h.c.h.i.c.HttpRequestRetryExec - Recoverable I/O exception (java.net.SocketException) caught when processing request to {s}->https://download.eclipse.org:443
2025-03-05 14:35:07,801 [Worker-61: https://download.eclipse.org/technology/m2e/releases/latest/features/org.eclipse.m2e.feature_2.8.0.20250224-0720.jar] INFO  o.a.h.c.h.i.c.HttpRequestRetryExec - Recoverable I/O exception (java.net.SocketException) caught when processing request to {s}->https://download.eclipse.org:443
2025-03-05 14:35:08,041 [Worker-44: https://download.eclipse.org/technology/m2e/releases/latest/features/org.eclipse.m2e.feature_2.8.0.20250224-0720.jar] INFO  o.a.h.c.h.i.c.HttpRequestRetryExec - Recoverable I/O exception (java.net.SocketException) caught when processing request to {s}->https://download.eclipse.org:443
2025-03-05 14:35:08,086 [Worker-55: https://download.eclipse.org/lsp4e/releases/0.27.1/plugins/org.eclipse.lsp4j_0.24.0.v20250131-1745.jar] INFO  o.a.h.c.h.i.c.HttpRequestRetryExec - Recoverable I/O exception (java.net.SocketException) caught when processing request to {s}->https://download.eclipse.org:443
2025-03-05 14:35:08,314 [Worker-63: https://download.eclipse.org/lsp4e/releases/0.27.1/plugins/org.eclipse.lsp4e.debug_0.15.15.202501312028.jar] INFO  o.a.h.c.h.i.c.HttpRequestRetryExec - Recoverable I/O exception (java.net.SocketException) caught when processing request to {s}->https://download.eclipse.org:443
2025-03-05 14:35:08,592 [Worker-63: https://download.eclipse.org/lsp4j/updates/releases/0.24.0/plugins/org.eclipse.lsp4j.jsonrpc.debug_0.24.0.v20250131-1745.jar] INFO  o.a.h.c.h.i.c.HttpRequestRetryExec - Recoverable I/O exception (java.net.SocketException) caught when processing request to {s}->https://download.eclipse.org:443
2025-03-05 14:35:08,592 [Worker-41: https://download.eclipse.org/lsp4j/updates/releases/0.24.0/plugins/org.eclipse.lsp4j.jsonrpc_0.24.0.v20250131-1745.jar] INFO  o.a.h.c.h.i.c.HttpRequestRetryExec - Recoverable I/O exception (java.net.SocketException) caught when processing request to {s}->https://download.eclipse.org:443
2025-03-05 14:35:08,857 [Worker-64: https://download.eclipse.org/tm4e/releases/0.14.1/plugins/org.eclipse.tm4e.languageconfiguration_0.14.1.202501071849.jar] INFO  o.a.h.c.h.i.c.HttpRequestRetryExec - Recoverable I/O exception (java.net.SocketException) caught when processing request to {s}->https://download.eclipse.org:443
2025-03-05 14:35:08,859 [Worker-62: https://download.eclipse.org/tm4e/releases/0.14.1/plugins/org.eclipse.tm4e.ui_0.14.1.202501131401.jar] INFO  o.a.h.c.h.i.c.HttpRequestRetryExec - Recoverable I/O exception (java.net.SocketException) caught when processing request to {s}->https://download.eclipse.org:443
